#
# A fatal error has been detected by the Java Runtime Environment:
#
#  EXCEPTION_ILLEGAL_INSTRUCTION (0xc000001d) at pc=0x0000000059c75bcc, pid=5832, tid=0x0000000000000bc8
#
# JRE version: Java(TM) SE Runtime Environment (8.0_221-b11) (build 1.8.0_221-b11)
# Java VM: Java HotSpot(TM) 64-Bit Server VM (25.221-b11 mixed mode windows-amd64 compressed oops)
# Problematic frame:
# V  [jvm.dll+0x4a5bcc]
#
# Failed to write core dump. Minidumps are not enabled by default on client versions of Windows
#
# If you would like to submit a bug report, please visit:
#   http://bugreport.java.com/bugreport/crash.jsp
#

---------------  T H R E A D  ---------------

Current thread (0x0000000015189800):  JavaThread "C2 CompilerThread1" daemon [_thread_in_native, id=3016, stack(0x00000000168e0000,0x00000000169e0000)]

siginfo: ExceptionCode=0xc000001d

Registers:
RAX=0x0000000059ff6420, RBX=0x000000001a11f100, RCX=0x00000000172206e8, RDX=0x0000000000000008
RSP=0x00000000169dc630, RBP=0x000000000000000f, RSI=0x0000000000000070, RDI=0x00000000169dc680
R8 =0x0000000004000000, R9 =0x0000000017362600, R10=0x00000000597d0000, R11=0x00000000169dc550
R12=0x0000000059ff6420, R13=0x00000000597d0000, R14=0x0000000016bc2568, R15=0x00000000000003d8
RIP=0x0000000059c75bcc, EFLAGS=0x0000000000010206

Top of Stack: (sp=0x00000000169dc630)
0x00000000169dc630:   00000000169dee00 000000001a11ed40
0x00000000169dc640:   fffffffffffffff8 0000000015146930
0x00000000169dc650:   000000000000109a 0000000059c70c1f
0x00000000169dc660:   000000001a11f6a0 000000001a11f100
0x00000000169dc670:   000000000000109a 00000000169dc760
0x00000000169dc680:   0000082000000000 0000000000000001
0x00000000169dc690:   0000000019d71280 0000000000000009
0x00000000169dc6a0:   00000000172206e8 0000000000000013
0x00000000169dc6b0:   000000001a174060 00000000169dca50
0x00000000169dc6c0:   0000000016bc2190 00000000169dca50
0x00000000169dc6d0:   0000000016bc2180 0000000059c3cae1
0x00000000169dc6e0:   0000000000000000 00000000169dc7e0
0x00000000169dc6f0:   0000000000000000 000000000000000d
0x00000000169dc700:   0000000000000006 0000000016bc2180
0x00000000169dc710:   0000000017360250 0000000017364220
0x00000000169dc720:   0000000017368238 000000000030f1f0 

Instructions: (pc=0x0000000059c75bcc)
0x0000000059c75bac:   70 08 38 00 48 89 98 f0 07 00 00 48 8b 44 24 30
0x0000000059c75bbc:   48 8b 40 08 48 89 0c 06 48 8d 05 55 08 38 00 ff
0x0000000059c75bcc:   c5 48 83 c6 08 3b 6f 28 0f 82 46 ff ff ff 8b 47
0x0000000059c75bdc:   28 c7 47 08 08 00 00 00 89 47 18 33 c0 48 8b 6c 


Register to memory mapping:

RAX=0x0000000059ff6420 is an unknown value
RBX=0x000000001a11f100 is an unknown value
RCX=0x00000000172206e8 is an unknown value
RDX=0x0000000000000008 is an unknown value
RSP=0x00000000169dc630 is pointing into the stack for thread: 0x0000000015189800
RBP=0x000000000000000f is an unknown value
RSI=0x0000000000000070 is an unknown value
RDI=0x00000000169dc680 is pointing into the stack for thread: 0x0000000015189800
R8 =0x0000000004000000 is an unknown value
R9 =0x0000000017362600 is an unknown value
R10=0x00000000597d0000 is an unknown value
R11=0x00000000169dc550 is pointing into the stack for thread: 0x0000000015189800
R12=0x0000000059ff6420 is an unknown value
R13=0x00000000597d0000 is an unknown value
R14=0x0000000016bc2568 is an unknown value
R15=0x00000000000003d8 is an unknown value


Stack: [0x00000000168e0000,0x00000000169e0000],  sp=0x00000000169dc630,  free space=1009k
Native frames: (J=compiled Java code, j=interpreted, Vv=VM code, C=native code)
V  [jvm.dll+0x4a5bcc]
V  [jvm.dll+0x4a0c1f]
V  [jvm.dll+0x46cae1]
V  [jvm.dll+0x477e4b]
V  [jvm.dll+0x47a757]
V  [jvm.dll+0x45cfd2]
V  [jvm.dll+0xa6a62]
V  [jvm.dll+0xa73af]
V  [jvm.dll+0x24666f]
V  [jvm.dll+0x29fb8a]
C  [msvcr100.dll+0x21d9f]
C  [msvcr100.dll+0x21e3b]
C  [KERNEL32.DLL+0x17bd4]
C  [ntdll.dll+0x6ced1]


Current CompileTask:
C2:   7170 3627       4       java.io.WinNTFileSystem::normalize (231 bytes)


---------------  P R O C E S S  ---------------

Java Threads: ( => current thread )
  0x0000000016b03000 JavaThread "Service Thread" daemon [_thread_blocked, id=5868, stack(0x0000000016ee0000,0x0000000016fe0000)]
  0x000000001518d000 JavaThread "C1 CompilerThread2" daemon [_thread_blocked, id=6084, stack(0x00000000169e0000,0x0000000016ae0000)]
=>0x0000000015189800 JavaThread "C2 CompilerThread1" daemon [_thread_in_native, id=3016, stack(0x00000000168e0000,0x00000000169e0000)]
  0x0000000015183000 JavaThread "C2 CompilerThread0" daemon [_thread_in_native, id=2924, stack(0x00000000167e0000,0x00000000168e0000)]
  0x0000000015180000 JavaThread "Attach Listener" daemon [_thread_blocked, id=6884, stack(0x00000000166e0000,0x00000000167e0000)]
  0x000000001517e800 JavaThread "Signal Dispatcher" daemon [_thread_blocked, id=7028, stack(0x00000000165e0000,0x00000000166e0000)]
  0x0000000002efb000 JavaThread "Finalizer" daemon [_thread_blocked, id=4396, stack(0x00000000163d0000,0x00000000164d0000)]
  0x0000000002ef2000 JavaThread "Reference Handler" daemon [_thread_blocked, id=2060, stack(0x00000000162d0000,0x00000000163d0000)]
  0x0000000002e02800 JavaThread "main" [_thread_in_native, id=4772, stack(0x0000000002ce0000,0x0000000002de0000)]

Other Threads:
  0x0000000015148000 VMThread [stack: 0x00000000161d0000,0x00000000162d0000] [id=3676]
  0x0000000016b36800 WatcherThread [stack: 0x0000000016fe0000,0x00000000170e0000] [id=5948]

VM state:not at safepoint (normal execution)

VM Mutex/Monitor currently owned by a thread: None

heap address: 0x00000000c8a00000, size: 886 MB, Compressed Oops mode: 32-bit
Narrow klass base: 0x0000000000000000, Narrow klass shift: 3
Compressed class space size: 1073741824 Address: 0x0000000100000000

Heap:
 PSYoungGen      total 129536K, used 59964K [0x00000000ed900000, 0x00000000fb100000, 0x0000000100000000)
  eden space 115712K, 39% used [0x00000000ed900000,0x00000000f060f310,0x00000000f4a00000)
  from space 13824K, 100% used [0x00000000f4a00000,0x00000000f5780000,0x00000000f5780000)
  to   space 17920K, 0% used [0x00000000f9f80000,0x00000000f9f80000,0x00000000fb100000)
 ParOldGen       total 38400K, used 24781K [0x00000000c8a00000, 0x00000000caf80000, 0x00000000ed900000)
  object space 38400K, 64% used [0x00000000c8a00000,0x00000000ca233670,0x00000000caf80000)
 Metaspace       used 17868K, capacity 18372K, committed 18560K, reserved 1064960K
  class space    used 2038K, capacity 2174K, committed 2176K, reserved 1048576K

Card table byte_map: [0x0000000012380000,0x0000000012540000] byte_map_base: 0x0000000011d3b000

Marking Bits: (ParMarkBitMap*) 0x0000000059ff5ce0
 Begin Bits: [0x0000000012a70000, 0x0000000013848000)
 End Bits:   [0x0000000013848000, 0x0000000014620000)

Polling page: 0x0000000001030000

CodeCache: size=245760Kb used=11995Kb max_used=13507Kb free=233764Kb
 bounds [0x0000000002fc0000, 0x0000000003d20000, 0x0000000011fc0000]
 total_blobs=3713 nmethods=3334 adapters=291
 compilation: enabled

Compilation events (10 events):
Event: 6.974 Thread 0x000000001518d000 nmethod 3747 0x0000000003238190 code [0x00000000032382e0, 0x00000000032383f0]
Event: 6.974 Thread 0x000000001518d000 3748       1       org.apache.maven.artifact.DefaultArtifact::getScope (5 bytes)
Event: 6.974 Thread 0x000000001518d000 nmethod 3748 0x000000000333a750 code [0x000000000333a8a0, 0x000000000333a9b0]
Event: 6.975 Thread 0x000000001518d000 3749       3       java.net.URI$Parser::checkChars (44 bytes)
Event: 6.976 Thread 0x000000001518d000 nmethod 3749 0x000000000331bc50 code [0x000000000331be40, 0x000000000331c768]
Event: 6.976 Thread 0x000000001518d000 3750       3       java.net.URI$Parser::substring (10 bytes)
Event: 6.976 Thread 0x000000001518d000 nmethod 3750 0x0000000003124cd0 code [0x0000000003124e40, 0x0000000003125048]
Event: 6.976 Thread 0x000000001518d000 3751       3       org.slf4j.impl.SimpleLogger::isLevelEnabled (14 bytes)
Event: 6.977 Thread 0x000000001518d000 nmethod 3751 0x00000000030d5790 code [0x00000000030d58e0, 0x00000000030d5a90]
Event: 6.978 Thread 0x000000001518d000 3752   !   3       java.util.jar.Attributes::read (380 bytes)

GC Heap History (10 events):
Event: 2.492 GC heap before
{Heap before GC invocations=5 (full 0):
 PSYoungGen      total 31744K, used 31728K [0x00000000ed900000, 0x00000000efa00000, 0x0000000100000000)
  eden space 29696K, 100% used [0x00000000ed900000,0x00000000ef600000,0x00000000ef600000)
  from space 2048K, 99% used [0x00000000ef800000,0x00000000ef9fc010,0x00000000efa00000)
  to   space 2048K, 0% used [0x00000000ef600000,0x00000000ef600000,0x00000000ef800000)
 ParOldGen       total 38400K, used 6579K [0x00000000c8a00000, 0x00000000caf80000, 0x00000000ed900000)
  object space 38400K, 17% used [0x00000000c8a00000,0x00000000c906cfd0,0x00000000caf80000)
 Metaspace       used 14691K, capacity 14972K, committed 15232K, reserved 1062912K
  class space    used 1806K, capacity 1908K, committed 1920K, reserved 1048576K
Event: 2.508 GC heap after
Heap after GC invocations=5 (full 0):
 PSYoungGen      total 31744K, used 2016K [0x00000000ed900000, 0x00000000f2200000, 0x0000000100000000)
  eden space 29696K, 0% used [0x00000000ed900000,0x00000000ed900000,0x00000000ef600000)
  from space 2048K, 98% used [0x00000000ef600000,0x00000000ef7f8020,0x00000000ef800000)
  to   space 7680K, 0% used [0x00000000f1a80000,0x00000000f1a80000,0x00000000f2200000)
 ParOldGen       total 38400K, used 12547K [0x00000000c8a00000, 0x00000000caf80000, 0x00000000ed900000)
  object space 38400K, 32% used [0x00000000c8a00000,0x00000000c9640d50,0x00000000caf80000)
 Metaspace       used 14691K, capacity 14972K, committed 15232K, reserved 1062912K
  class space    used 1806K, capacity 1908K, committed 1920K, reserved 1048576K
}
Event: 2.829 GC heap before
{Heap before GC invocations=6 (full 0):
 PSYoungGen      total 31744K, used 31712K [0x00000000ed900000, 0x00000000f2200000, 0x0000000100000000)
  eden space 29696K, 100% used [0x00000000ed900000,0x00000000ef600000,0x00000000ef600000)
  from space 2048K, 98% used [0x00000000ef600000,0x00000000ef7f8020,0x00000000ef800000)
  to   space 7680K, 0% used [0x00000000f1a80000,0x00000000f1a80000,0x00000000f2200000)
 ParOldGen       total 38400K, used 12547K [0x00000000c8a00000, 0x00000000caf80000, 0x00000000ed900000)
  object space 38400K, 32% used [0x00000000c8a00000,0x00000000c9640d50,0x00000000caf80000)
 Metaspace       used 14829K, capacity 15130K, committed 15232K, reserved 1062912K
  class space    used 1813K, capacity 1913K, committed 1920K, reserved 1048576K
Event: 2.842 GC heap after
Heap after GC invocations=6 (full 0):
 PSYoungGen      total 67072K, used 5680K [0x00000000ed900000, 0x00000000f2200000, 0x0000000100000000)
  eden space 59392K, 0% used [0x00000000ed900000,0x00000000ed900000,0x00000000f1300000)
  from space 7680K, 73% used [0x00000000f1a80000,0x00000000f200c030,0x00000000f2200000)
  to   space 7680K, 0% used [0x00000000f1300000,0x00000000f1300000,0x00000000f1a80000)
 ParOldGen       total 38400K, used 12555K [0x00000000c8a00000, 0x00000000caf80000, 0x00000000ed900000)
  object space 38400K, 32% used [0x00000000c8a00000,0x00000000c9642d50,0x00000000caf80000)
 Metaspace       used 14829K, capacity 15130K, committed 15232K, reserved 1062912K
  class space    used 1813K, capacity 1913K, committed 1920K, reserved 1048576K
}
Event: 4.434 GC heap before
{Heap before GC invocations=7 (full 0):
 PSYoungGen      total 67072K, used 65072K [0x00000000ed900000, 0x00000000f2200000, 0x0000000100000000)
  eden space 59392K, 100% used [0x00000000ed900000,0x00000000f1300000,0x00000000f1300000)
  from space 7680K, 73% used [0x00000000f1a80000,0x00000000f200c030,0x00000000f2200000)
  to   space 7680K, 0% used [0x00000000f1300000,0x00000000f1300000,0x00000000f1a80000)
 ParOldGen       total 38400K, used 12555K [0x00000000c8a00000, 0x00000000caf80000, 0x00000000ed900000)
  object space 38400K, 32% used [0x00000000c8a00000,0x00000000c9642d50,0x00000000caf80000)
 Metaspace       used 16137K, capacity 16466K, committed 16640K, reserved 1064960K
  class space    used 1940K, capacity 2017K, committed 2048K, reserved 1048576K
Event: 4.475 GC heap after
Heap after GC invocations=7 (full 0):
 PSYoungGen      total 67072K, used 7664K [0x00000000ed900000, 0x00000000f6200000, 0x0000000100000000)
  eden space 59392K, 0% used [0x00000000ed900000,0x00000000ed900000,0x00000000f1300000)
  from space 7680K, 99% used [0x00000000f1300000,0x00000000f1a7c010,0x00000000f1a80000)
  to   space 10752K, 0% used [0x00000000f5780000,0x00000000f5780000,0x00000000f6200000)
 ParOldGen       total 38400K, used 16473K [0x00000000c8a00000, 0x00000000caf80000, 0x00000000ed900000)
  object space 38400K, 42% used [0x00000000c8a00000,0x00000000c9a16650,0x00000000caf80000)
 Metaspace       used 16137K, capacity 16466K, committed 16640K, reserved 1064960K
  class space    used 1940K, capacity 2017K, committed 2048K, reserved 1048576K
}
Event: 5.007 GC heap before
{Heap before GC invocations=8 (full 0):
 PSYoungGen      total 67072K, used 67056K [0x00000000ed900000, 0x00000000f6200000, 0x0000000100000000)
  eden space 59392K, 100% used [0x00000000ed900000,0x00000000f1300000,0x00000000f1300000)
  from space 7680K, 99% used [0x00000000f1300000,0x00000000f1a7c010,0x00000000f1a80000)
  to   space 10752K, 0% used [0x00000000f5780000,0x00000000f5780000,0x00000000f6200000)
 ParOldGen       total 38400K, used 16473K [0x00000000c8a00000, 0x00000000caf80000, 0x00000000ed900000)
  object space 38400K, 42% used [0x00000000c8a00000,0x00000000c9a16650,0x00000000caf80000)
 Metaspace       used 16399K, capacity 16764K, committed 16896K, reserved 1064960K
  class space    used 1947K, capacity 2024K, committed 2048K, reserved 1048576K
Event: 5.034 GC heap after
Heap after GC invocations=8 (full 0):
 PSYoungGen      total 126464K, used 10736K [0x00000000ed900000, 0x00000000f6800000, 0x0000000100000000)
  eden space 115712K, 0% used [0x00000000ed900000,0x00000000ed900000,0x00000000f4a00000)
  from space 10752K, 99% used [0x00000000f5780000,0x00000000f61fc010,0x00000000f6200000)
  to   space 13824K, 0% used [0x00000000f4a00000,0x00000000f4a00000,0x00000000f5780000)
 ParOldGen       total 38400K, used 19371K [0x00000000c8a00000, 0x00000000caf80000, 0x00000000ed900000)
  object space 38400K, 50% used [0x00000000c8a00000,0x00000000c9cead00,0x00000000caf80000)
 Metaspace       used 16399K, capacity 16764K, committed 16896K, reserved 1064960K
  class space    used 1947K, capacity 2024K, committed 2048K, reserved 1048576K
}
Event: 6.433 GC heap before
{Heap before GC invocations=9 (full 0):
 PSYoungGen      total 126464K, used 126448K [0x00000000ed900000, 0x00000000f6800000, 0x0000000100000000)
  eden space 115712K, 100% used [0x00000000ed900000,0x00000000f4a00000,0x00000000f4a00000)
  from space 10752K, 99% used [0x00000000f5780000,0x00000000f61fc010,0x00000000f6200000)
  to   space 13824K, 0% used [0x00000000f4a00000,0x00000000f4a00000,0x00000000f5780000)
 ParOldGen       total 38400K, used 19371K [0x00000000c8a00000, 0x00000000caf80000, 0x00000000ed900000)
  object space 38400K, 50% used [0x00000000c8a00000,0x00000000c9cead00,0x00000000caf80000)
 Metaspace       used 16940K, capacity 17396K, committed 17792K, reserved 1064960K
  class space    used 1956K, capacity 2060K, committed 2176K, reserved 1048576K
Event: 6.488 GC heap after
Heap after GC invocations=9 (full 0):
 PSYoungGen      total 129536K, used 13824K [0x00000000ed900000, 0x00000000fb100000, 0x0000000100000000)
  eden space 115712K, 0% used [0x00000000ed900000,0x00000000ed900000,0x00000000f4a00000)
  from space 13824K, 100% used [0x00000000f4a00000,0x00000000f5780000,0x00000000f5780000)
  to   space 17920K, 0% used [0x00000000f9f80000,0x00000000f9f80000,0x00000000fb100000)
 ParOldGen       total 38400K, used 24781K [0x00000000c8a00000, 0x00000000caf80000, 0x00000000ed900000)
  object space 38400K, 64% used [0x00000000c8a00000,0x00000000ca233670,0x00000000caf80000)
 Metaspace       used 16940K, capacity 17396K, committed 17792K, reserved 1064960K
  class space    used 1956K, capacity 2060K, committed 2176K, reserved 1048576K
}

Deoptimization events (10 events):
Event: 6.516 Thread 0x0000000002e02800 Uncommon trap: reason=bimorphic action=maybe_recompile pc=0x0000000003b7e980 method=java.util.AbstractCollection.toArray()[Ljava/lang/Object; @ 1
Event: 6.517 Thread 0x0000000002e02800 Uncommon trap: reason=bimorphic action=maybe_recompile pc=0x0000000003b7e980 method=java.util.AbstractCollection.toArray()[Ljava/lang/Object; @ 1
Event: 6.518 Thread 0x0000000002e02800 Uncommon trap: reason=bimorphic action=maybe_recompile pc=0x0000000003b7e980 method=java.util.AbstractCollection.toArray()[Ljava/lang/Object; @ 1
Event: 6.524 Thread 0x0000000002e02800 Uncommon trap: reason=unstable_if action=reinterpret pc=0x0000000003a38e4c method=org.eclipse.aether.artifact.DefaultArtifact.<init>(Ljava/lang/String;Ljava/lang/String;Ljava/lang/String;Ljava/lang/String;Ljava/lang/String;Ljava/util/Map;Lorg/eclipse/aeth
Event: 6.727 Thread 0x0000000002e02800 Uncommon trap: reason=unstable_if action=reinterpret pc=0x0000000003c7a20c method=org.codehaus.plexus.util.StringUtils.isNotEmpty(Ljava/lang/String;)Z @ 8
Event: 6.727 Thread 0x0000000002e02800 Uncommon trap: reason=class_check action=maybe_recompile pc=0x0000000003bd8644 method=org.eclipse.sisu.wire.EntryListAdapter$ValueIterator.hasNext()Z @ 4
Event: 6.729 Thread 0x0000000002e02800 Uncommon trap: reason=unstable_if action=reinterpret pc=0x00000000037d3a44 method=org.eclipse.sisu.plexus.RealmFilteredBeans$FilteredItr.hasNext()Z @ 44
Event: 6.796 Thread 0x0000000002e02800 Uncommon trap: reason=predicate action=maybe_recompile pc=0x00000000031ffd7c method=sun.net.www.ParseUtil.encodePath(Ljava/lang/String;Z)Ljava/lang/String; @ 36
Event: 6.810 Thread 0x0000000002e02800 Uncommon trap: reason=unstable_if action=reinterpret pc=0x00000000037740c0 method=java.lang.ClassLoader.getPackage(Ljava/lang/String;)Ljava/lang/Package; @ 60
Event: 6.974 Thread 0x0000000002e02800 Uncommon trap: reason=class_check action=maybe_recompile pc=0x0000000003bd8644 method=org.eclipse.sisu.wire.EntryListAdapter$ValueIterator.hasNext()Z @ 4

Classes redefined (0 events):
No events

Internal exceptions (10 events):
Event: 3.149 Thread 0x0000000002e02800 Implicit null exception at 0x000000000338a715 to 0x000000000338a8e5
Event: 3.149 Thread 0x0000000002e02800 Implicit null exception at 0x0000000003350f2f to 0x0000000003350f99
Event: 4.031 Thread 0x0000000002e02800 Exception <a 'java/lang/NullPointerException'> (0x00000000f08b8738) thrown at [C:\re\workspace\8-2-build-windows-amd64-cygwin\jdk8u221\13320\hotspot\src\share\vm\interpreter\linkResolver.cpp, line 1185]
Event: 4.031 Thread 0x0000000002e02800 Exception <a 'java/lang/NullPointerException'> (0x00000000f08b8b38) thrown at [C:\re\workspace\8-2-build-windows-amd64-cygwin\jdk8u221\13320\hotspot\src\share\vm\interpreter\linkResolver.cpp, line 1185]
Event: 4.031 Thread 0x0000000002e02800 Exception <a 'java/lang/NullPointerException'> (0x00000000f08b8f38) thrown at [C:\re\workspace\8-2-build-windows-amd64-cygwin\jdk8u221\13320\hotspot\src\share\vm\interpreter\linkResolver.cpp, line 1185]
Event: 4.031 Thread 0x0000000002e02800 Exception <a 'java/lang/NullPointerException'> (0x00000000f08b9e98) thrown at [C:\re\workspace\8-2-build-windows-amd64-cygwin\jdk8u221\13320\hotspot\src\share\vm\interpreter\linkResolver.cpp, line 1185]
Event: 4.031 Thread 0x0000000002e02800 Exception <a 'java/lang/NullPointerException'> (0x00000000f08ba298) thrown at [C:\re\workspace\8-2-build-windows-amd64-cygwin\jdk8u221\13320\hotspot\src\share\vm\interpreter\linkResolver.cpp, line 1185]
Event: 4.031 Thread 0x0000000002e02800 Exception <a 'java/lang/NullPointerException'> (0x00000000f08ba698) thrown at [C:\re\workspace\8-2-build-windows-amd64-cygwin\jdk8u221\13320\hotspot\src\share\vm\interpreter\linkResolver.cpp, line 1185]
Event: 4.292 Thread 0x0000000002e02800 Implicit null exception at 0x00000000037d14af to 0x00000000037d16f1
Event: 5.046 Thread 0x0000000002e02800 Implicit null exception at 0x0000000003982320 to 0x0000000003982e25

Events (10 events):
Event: 6.976 loading class org/apache/maven/plugin/Mojo
Event: 6.976 loading class org/apache/maven/plugin/Mojo done
Event: 6.977 loading class org/apache/maven/plugin/Mojo
Event: 6.977 loading class org/apache/maven/plugin/Mojo done
Event: 6.977 loading class org/apache/maven/plugin/compiler/CompilerMojo
Event: 6.977 loading class org/apache/maven/plugin/compiler/CompilerMojo done
Event: 6.977 loading class org/apache/maven/plugin/compiler/CompilerMojo
Event: 6.977 loading class org/apache/maven/plugin/compiler/CompilerMojo done
Event: 6.977 loading class org/apache/maven/plugin/compiler/CompilerMojo
Event: 6.977 loading class org/apache/maven/plugin/compiler/CompilerMojo done


Dynamic libraries:
0x00007ff74f470000 - 0x00007ff74f4a7000 	C:\Program Files\Java\jdk1.8.0_221\bin\javaw.exe
0x00007ffa10560000 - 0x00007ffa10750000 	C:\WINDOWS\SYSTEM32\ntdll.dll
0x00007ffa10450000 - 0x00007ffa10502000 	C:\WINDOWS\System32\KERNEL32.DLL
0x00007ffa0d5d0000 - 0x00007ffa0d873000 	C:\WINDOWS\System32\KERNELBASE.dll
0x00007ffa0f110000 - 0x00007ffa0f1b3000 	C:\WINDOWS\System32\ADVAPI32.dll
0x00007ffa0ed60000 - 0x00007ffa0edfe000 	C:\WINDOWS\System32\msvcrt.dll
0x00007ffa0ef40000 - 0x00007ffa0efd7000 	C:\WINDOWS\System32\sechost.dll
0x00007ffa0fe80000 - 0x00007ffa0ffa0000 	C:\WINDOWS\System32\RPCRT4.dll
0x00007ffa0ffa0000 - 0x00007ffa10134000 	C:\WINDOWS\System32\USER32.dll
0x00007ffa0d880000 - 0x00007ffa0d8a1000 	C:\WINDOWS\System32\win32u.dll
0x00007ffa0fb10000 - 0x00007ffa0fb36000 	C:\WINDOWS\System32\GDI32.dll
0x00007ffa0d9b0000 - 0x00007ffa0db44000 	C:\WINDOWS\System32\gdi32full.dll
0x00007ffa0ddf0000 - 0x00007ffa0de8e000 	C:\WINDOWS\System32\msvcp_win.dll
0x00007ffa0db50000 - 0x00007ffa0dc4a000 	C:\WINDOWS\System32\ucrtbase.dll
0x00007ffa08890000 - 0x00007ffa08b15000 	C:\WINDOWS\WinSxS\amd64_microsoft.windows.common-controls_6595b64144ccf1df_6.0.18362.418_none_e6c6b287130d565d\COMCTL32.dll
0x00007ffa0fb40000 - 0x00007ffa0fe76000 	C:\WINDOWS\System32\combase.dll
0x00007ffa0d4f0000 - 0x00007ffa0d570000 	C:\WINDOWS\System32\bcryptPrimitives.dll
0x00007ffa0fae0000 - 0x00007ffa0fb0e000 	C:\WINDOWS\System32\IMM32.DLL
0x000000005a080000 - 0x000000005a152000 	C:\Program Files\Java\jdk1.8.0_221\jre\bin\msvcr100.dll
0x00000000597d0000 - 0x000000005a075000 	C:\Program Files\Java\jdk1.8.0_221\jre\bin\server\jvm.dll
0x00007ffa10510000 - 0x00007ffa10518000 	C:\WINDOWS\System32\PSAPI.DLL
0x00007ffa08ce0000 - 0x00007ffa08ce9000 	C:\WINDOWS\SYSTEM32\WSOCK32.dll
0x00007ffa09f70000 - 0x00007ffa09f94000 	C:\WINDOWS\SYSTEM32\WINMM.dll
0x00007ffa0f5f0000 - 0x00007ffa0f65f000 	C:\WINDOWS\System32\WS2_32.dll
0x00007ff9ffcf0000 - 0x00007ff9ffcfa000 	C:\WINDOWS\SYSTEM32\VERSION.dll
0x00007ffa09f40000 - 0x00007ffa09f6d000 	C:\WINDOWS\SYSTEM32\winmmbase.dll
0x00007ffa0dc50000 - 0x00007ffa0dc9a000 	C:\WINDOWS\System32\cfgmgr32.dll
0x00007ffa084f0000 - 0x00007ffa084ff000 	C:\Program Files\Java\jdk1.8.0_221\jre\bin\verify.dll
0x00007ffa018c0000 - 0x00007ffa018e9000 	C:\Program Files\Java\jdk1.8.0_221\jre\bin\java.dll
0x00007ffa01920000 - 0x00007ffa01936000 	C:\Program Files\Java\jdk1.8.0_221\jre\bin\zip.dll
0x00007ffa0e610000 - 0x00007ffa0ecf5000 	C:\WINDOWS\System32\SHELL32.dll
0x00007ffa10150000 - 0x00007ffa101f9000 	C:\WINDOWS\System32\shcore.dll
0x00007ffa0de90000 - 0x00007ffa0e60f000 	C:\WINDOWS\System32\windows.storage.dll
0x00007ffa0d4b0000 - 0x00007ffa0d4cf000 	C:\WINDOWS\System32\profapi.dll
0x00007ffa0d460000 - 0x00007ffa0d4aa000 	C:\WINDOWS\System32\powrprof.dll
0x00007ffa0d430000 - 0x00007ffa0d440000 	C:\WINDOWS\System32\UMPDC.dll
0x00007ffa0f430000 - 0x00007ffa0f482000 	C:\WINDOWS\System32\shlwapi.dll
0x00007ffa0d4d0000 - 0x00007ffa0d4e1000 	C:\WINDOWS\System32\kernel.appcore.dll
0x00007ffa0d8b0000 - 0x00007ffa0d8c7000 	C:\WINDOWS\System32\cryptsp.dll
0x00007ffa0c540000 - 0x00007ffa0c573000 	C:\WINDOWS\system32\rsaenh.dll
0x00007ffa0d980000 - 0x00007ffa0d9a6000 	C:\WINDOWS\System32\bcrypt.dll
0x00007ffa0d350000 - 0x00007ffa0d375000 	C:\WINDOWS\SYSTEM32\USERENV.dll
0x00007ffa0ce10000 - 0x00007ffa0ce1c000 	C:\WINDOWS\SYSTEM32\CRYPTBASE.dll
0x00007ffa01860000 - 0x00007ffa0187a000 	C:\Program Files\Java\jdk1.8.0_221\jre\bin\net.dll
0x00007ffa01320000 - 0x00007ffa014f6000 	C:\WINDOWS\SYSTEM32\urlmon.dll
0x00007ffa03c30000 - 0x00007ffa03ed6000 	C:\WINDOWS\SYSTEM32\iertutil.dll
0x00007ffa0cc40000 - 0x00007ffa0cca7000 	C:\WINDOWS\system32\mswsock.dll
0x00007ffa0c950000 - 0x00007ffa0c98a000 	C:\WINDOWS\SYSTEM32\IPHLPAPI.DLL
0x00007ffa0f660000 - 0x00007ffa0f668000 	C:\WINDOWS\System32\NSI.dll
0x00007ffa07fd0000 - 0x00007ffa07fe6000 	C:\WINDOWS\SYSTEM32\dhcpcsvc6.DLL
0x00007ffa07cb0000 - 0x00007ffa07ccc000 	C:\WINDOWS\SYSTEM32\dhcpcsvc.DLL
0x00007ffa0c990000 - 0x00007ffa0ca5a000 	C:\WINDOWS\SYSTEM32\DNSAPI.dll
0x00007ffa01800000 - 0x00007ffa01812000 	C:\Program Files\Java\jdk1.8.0_221\jre\bin\nio.dll
0x00007ffa06160000 - 0x00007ffa0616a000 	C:\Users\GUILHERMEBERNARDOMUN\AppData\Local\Temp\jansi-1.17.1-1356022349698486023.dll
0x00007ffa06130000 - 0x00007ffa0613a000 	C:\Users\GUILHERMEBERNARDOMUN\AppData\Local\Temp\jansi-1.17.1-267703176146023107.dll
0x00007ff9fe490000 - 0x00007ff9fe684000 	C:\WINDOWS\SYSTEM32\dbghelp.dll

VM Arguments:
jvm_args: -Dmaven.home=EMBEDDED -Dclassworlds.conf=C:\Users\GUILHERMEBERNARDOMUN\eclipse\.metadata\.plugins\org.eclipse.m2e.launching\launches\m2conf864864818329509274.tmp -Dmaven.multiModuleProjectDirectory=C:\Users\GUILHERMEBERNARDOMUN\Documents\Guilherme\BandTec\3º - Semestre\Pesquisa e Inovação\Projetos\bora-backend -Dfile.encoding=Cp1252 
java_command: org.codehaus.plexus.classworlds.launcher.Launcher -B install
java_class_path (initial): C:\Users\GUILHERMEBERNARDOMUN\.p2\pool\plugins\org.eclipse.m2e.maven.runtime_1.13.0.20190716-1623\jars\plexus-classworlds-2.6.0.jar
Launcher Type: SUN_STANDARD

Environment Variables:
JAVA_HOME=C:\Program Files\Java\jdk1.8.0_221
CLASSPATH=;C:\Program Files\Java\jdk1.8.0_221\lib;C:\Program Files\Java\jdk1.8.0_221\lib\tools.jar;C:\Program Files\Java\jdk1.8.0_221\lib\dt.jar;
PATH=C:/Program Files/Java/jre1.8.0_221/bin/server;C:/Program Files/Java/jre1.8.0_221/bin;C:/Program Files/Java/jre1.8.0_221/lib/amd64;C:\ProgramData\DockerDesktop\version-bin;C:\Program Files\Docker\Docker\Resources\bin;C:\Ruby26-x64\bin;C:\Program Files (x86)\Common Files\Oracle\Java\javapath;C:\WINDOWS\system32;C:\WINDOWS;C:\WINDOWS\System32\Wbem;C:\WINDOWS\System32\WindowsPowerShell\v1.0\;C:\WINDOWS\System32\OpenSSH\;C:\Program Files\Git\cmd;C:\Program Files\nodejs\;C:\Program Files\Java\jdk1.8.0_221\bin;C:\Program Files (x86)\Yarn\bin\;C:\Users\GUILHERMEBERNARDOMUN\AppData\Local\Programs\Python\Python37-32\Scripts\;C:\Users\GUILHERMEBERNARDOMUN\AppData\Local\Programs\Python\Python37-32;C:\ProgramData\chocolatey\bin;C:\Program Files\PowerShell\6\;C:\Gradle\gradle-5.6.2\bin;C:\Users\GUILHERMEBERNARDOMUN\AppData\Local\Programs\Python\Python37-32\Scripts\;C:\Users\GUILHERMEBERNARDOMUN\AppData\Local\Programs\Python\Python37-32\;C:\Users\GUILHERMEBERNARDOMUN\AppData\Local\Microsoft\WindowsApps;C:\Users\GUILHERMEBERNARDOMUN\AppData\Local\Programs\Microsoft VS Code\bin;C:\Users\GUILHERMEBERNARDOMUN\AppData\Roaming\npm;C:\Users\GUILHERMEBERNARDOMUN\AppData\Local\Yarn\bin;C:\Program Files\heroku\bin;C:\Users\GUILHERMEBERNARDOMUN\AppData\Local\Google\Cloud SDK\google-cloud-sdk\bin;C:\Users\GUILHERMEBERNARDOMUN\AppData\Local\.meteor\;C:\Program Files\JetBrains\IntelliJ IDEA 2019.2.2\bin;;C:\Users\GUILHERMEBERNARDOMUN\Desktop;
USERNAME=GUILHERMEBERNARDOMUN
OS=Windows_NT
PROCESSOR_IDENTIFIER=Intel64 Family 6 Model 58 Stepping 9, GenuineIntel



---------------  S Y S T E M  ---------------

OS: Windows 10.0 , 64 bit Build 18362 (10.0.18362.329)

CPU:total 4 (initial active 4) (2 cores per cpu, 2 threads per core) family 6 model 58 stepping 9, cmov, cx8, fxsr, mmx, sse, sse2, sse3, ssse3, sse4.1, sse4.2, popcnt, avx, aes, clmul, erms, ht, tsc, tscinvbit, tscinv

Memory: 4k page, physical 3627148k(707192k free), swap 8083596k(4932092k free)

vm_info: Java HotSpot(TM) 64-Bit Server VM (25.221-b11) for windows-amd64 JRE (1.8.0_221-b11), built on Jul  4 2019 04:39:29 by "java_re" with MS VC++ 10.0 (VS2010)

time: Sun Oct 13 13:44:17 2019
timezone: Hora oficial do Brasil
elapsed time: 7 seconds (0d 0h 0m 7s)

