#
# A fatal error has been detected by the Java Runtime Environment:
#
#  SIGSEGV (0xb) at pc=0x00007fa5cd3f7a06, pid=16169, tid=0x00007fa5b5a71700
#
# JRE version: Java(TM) SE Runtime Environment (8.0_221-b11) (build 1.8.0_221-b11)
# Java VM: Java HotSpot(TM) 64-Bit Server VM (25.221-b11 mixed mode linux-amd64 compressed oops)
# Problematic frame:
# V  [libjvm.so+0x983a06]  ParallelCompactData::calc_new_pointer(HeapWord*)+0x26
#
# Failed to write core dump. Core dumps have been disabled. To enable core dumping, try "ulimit -c unlimited" before starting Java again
#
# If you would like to submit a bug report, please visit:
#   http://bugreport.java.com/bugreport/crash.jsp
#

---------------  T H R E A D  ---------------

Current thread (0x00007fa5c8079800):  VMThread [stack: 0x00007fa5b5972000,0x00007fa5b5a72000] [id=16192]

siginfo: si_signo: 11 (SIGSEGV), si_code: 128 (SI_KERNEL), si_addr: 0x0000000000000000

Registers:
RAX=0x00007fa5ce56d000, RBX=0x000000010001c5e0, RCX=0x00001fffffffee84, RDX=0x0000000000000001
RSP=0x00007fa5b5a70640, RBP=0x00007fa5b5a70680, RSI=0x0000000000000001, RDI=0x00007fa5cda3fd40
R8 =0x000000000029e8c0, R9 =0x00007fa5ac5f0000, R10=0x000000000029e882, R11=0x0000000000053d10
R12=0x00057fa5ce5414a0, R13=0x000000010001c5e8, R14=0x00007fa5cda0cdb0, R15=0x000000008cd8000c
RIP=0x00007fa5cd3f7a06, EFLAGS=0x0000000000010a06, CSGSFS=0x002b000000000033, ERR=0x0000000000000000
  TRAPNO=0x000000000000000d

Top of Stack: (sp=0x00007fa5b5a70640)
0x00007fa5b5a70640:   000000008cb8d528 00007fa5cda0cdb0
0x00007fa5b5a70650:   00007fa5b5a706a0 000000008cb8d528
0x00007fa5b5a70660:   0000000db5a706a0 000000010001c5e0
0x00007fa5b5a70670:   000000008cd80000 000000010001c5e8
0x00007fa5b5a70680:   00007fa5b5a706d0 00007fa5cd0aacce
0x00007fa5b5a70690:   0000000400000006 000000008cd7fff0
0x00007fa5b5a706a0:   00007fa5b5a706d0 00007fa5ce56d4b0
0x00007fa5b5a706b0:   00007fa5c8076470 00007fa5ce56dbe0
0x00007fa5b5a706c0:   00007fa5c80106b0 00007fa5b5a70720
0x00007fa5b5a706d0:   00007fa5b5a70700 00007fa5cd3f5bd8
0x00007fa5b5a706e0:   0000000000000001 00007fa5c8076470
0x00007fa5b5a706f0:   00007fa5802b4770 00007fa5b5a70770
0x00007fa5b5a70700:   00007fa5b5a707d0 00007fa5cd3f5e31
0x00007fa5b5a70710:   00007fa5b5a70740 00007fa5802b48e0
0x00007fa5b5a70720:   00007fa5cd96bd00 0000000100000004
0x00007fa5b5a70730:   00007fa5c8076420 0000000000000004
0x00007fa5b5a70740:   00007fa5cd5dcb49 00007fa5c8070100
0x00007fa5b5a70750:   00007fa5cda3fea0 00000001183d5619
0x00007fa5b5a70760:   00000002baa0838e 00007fa5cdb8dea6
0x00007fa5b5a70770:   00007fa5cd5dcb66 00007fa5cdb80100
0x00007fa5b5a70780:   00007fa5cda3fea0 000000011f1d721b
0x00007fa5b5a70790:   00000002cbc6d864 00007fa5cd3822af
0x00007fa5b5a707a0:   000000000000b93d 00007fa5c80101d0
0x00007fa5b5a707b0:   00007fa5c8078f20 00007fa5cda3fa80
0x00007fa5b5a707c0:   0000000000000010 00007fa5ccd31030
0x00007fa5b5a707d0:   00007fa5b5a70a70 00007fa5cd3f62fb
0x00007fa5b5a707e0:   00007fa5c8010600 00007fa5c8010690
0x00007fa5b5a707f0:   000000104d700000 00007fa5c80103c0
0x00007fa5b5a70800:   00000000000003d8 0000000000000001
0x00007fa5b5a70810:   00007fa5b5a70930 00007fa5b5a70900
0x00007fa5b5a70820:   00007fa5b5a708d0 00007fa5c8029018
0x00007fa5b5a70830:   00007fa5c8028c40 00007fa5b5a708a4 

Instructions: (pc=0x00007fa5cd3f7a06)
0x00007fa5cd3f79e6:   e5 41 55 41 54 53 48 83 ec 28 48 2b 0f 48 8b 47
0x00007fa5cd3f79f6:   18 48 c1 e9 13 48 8d 14 89 4c 8d 24 d0 48 89 f2
0x00007fa5cd3f7a06:   41 8b 4c 24 1c 41 8b 44 24 18 4d 8b 2c 24 81 e1
0x00007fa5cd3f7a16:   ff ff ff 07 48 01 c1 48 81 f9 00 00 01 00 0f 84 

Register to memory mapping:

RAX=0x00007fa5ce56d000 is an unknown value
RBX=0x000000010001c5e0 is pointing into metadata
RCX=0x00001fffffffee84 is an unknown value
RDX=0x0000000000000001 is an unknown value
RSP=0x00007fa5b5a70640 is an unknown value
RBP=0x00007fa5b5a70680 is an unknown value
RSI=0x0000000000000001 is an unknown value
RDI=0x00007fa5cda3fd40: <offset 0xfcbd40> in /usr/lib/jvm/jdk1.8.0_221/jre/lib/amd64/server/libjvm.so at 0x00007fa5cca74000
R8 =0x000000000029e8c0 is an unknown value
R9 =0x00007fa5ac5f0000 is an unknown value
R10=0x000000000029e882 is an unknown value
R11=0x0000000000053d10 is an unknown value
R12=0x00057fa5ce5414a0 is an unknown value
R13=0x000000010001c5e8 is pointing into metadata
R14=0x00007fa5cda0cdb0: <offset 0xf98db0> in /usr/lib/jvm/jdk1.8.0_221/jre/lib/amd64/server/libjvm.so at 0x00007fa5cca74000
R15=0x000000008cd8000c is pointing into object: 0x000000008cd7fff0
java.util.HashMap$Node 
 - klass: 'java/util/HashMap$Node'


Stack: [0x00007fa5b5972000,0x00007fa5b5a72000],  sp=0x00007fa5b5a70640,  free space=1017k
Native frames: (J=compiled Java code, j=interpreted, Vv=VM code, C=native code)
V  [libjvm.so+0x983a06]  ParallelCompactData::calc_new_pointer(HeapWord*)+0x26
V  [libjvm.so+0x636cce]  InstanceKlass::oop_update_pointers(ParCompactionManager*, oopDesc*)+0xbe
V  [libjvm.so+0x981bd8]  PSParallelCompact::update_deferred_objects(ParCompactionManager*, PSParallelCompact::SpaceId)+0xa8
V  [libjvm.so+0x981e31]  PSParallelCompact::compact()+0x1b1
V  [libjvm.so+0x9822fb]  PSParallelCompact::invoke_no_policy(bool) [clone .part.118]+0x47b
V  [libjvm.so+0x982bbe]  PSParallelCompact::invoke(bool)+0x7e
V  [libjvm.so+0x45cc53]  CollectedHeap::collect_as_vm_thread(GCCause::Cause)+0x153
V  [libjvm.so+0xad44e1]  VM_CollectForMetadataAllocation::doit()+0x161
V  [libjvm.so+0xada1c6]  VM_Operation::evaluate()+0x46
V  [libjvm.so+0xad84fd]  VMThread::evaluate_operation(VM_Operation*) [clone .constprop.44]+0xcd
V  [libjvm.so+0xad8ae3]  VMThread::loop()+0x3a3
V  [libjvm.so+0xad8eb8]  VMThread::run()+0x78
V  [libjvm.so+0x90d952]  java_start(Thread*)+0x102

VM_Operation (0x00007fa5ce68ed30): CollectForMetadataAllocation, mode: safepoint, requested by thread 0x00007fa5c800b800


---------------  P R O C E S S  ---------------

Java Threads: ( => current thread )
  0x00007fa5c80ca000 JavaThread "Service Thread" daemon [_thread_blocked, id=16199, stack(0x00007fa5b4f8a000,0x00007fa5b508b000)]
  0x00007fa5c80bf000 JavaThread "C1 CompilerThread2" daemon [_thread_blocked, id=16198, stack(0x00007fa5b508c000,0x00007fa5b518c000)]
  0x00007fa5c80bd000 JavaThread "C2 CompilerThread1" daemon [_thread_blocked, id=16197, stack(0x00007fa5b518d000,0x00007fa5b528d000)]
  0x00007fa5c80ba800 JavaThread "C2 CompilerThread0" daemon [_thread_blocked, id=16196, stack(0x00007fa5b528e000,0x00007fa5b538e000)]
  0x00007fa5c80b9000 JavaThread "Signal Dispatcher" daemon [_thread_blocked, id=16195, stack(0x00007fa5b538e000,0x00007fa5b548f000)]
  0x00007fa5c8087800 JavaThread "Finalizer" daemon [_thread_blocked, id=16194, stack(0x00007fa5b576f000,0x00007fa5b5870000)]
  0x00007fa5c8083000 JavaThread "Reference Handler" daemon [_thread_blocked, id=16193, stack(0x00007fa5b5870000,0x00007fa5b5971000)]
  0x00007fa5c800b800 JavaThread "main" [_thread_blocked, id=16187, stack(0x00007fa5ce593000,0x00007fa5ce693000)]

Other Threads:
=>0x00007fa5c8079800 VMThread [stack: 0x00007fa5b5972000,0x00007fa5b5a72000] [id=16192]
  0x00007fa5c80cd000 WatcherThread [stack: 0x00007fa5b4e8a000,0x00007fa5b4f8a000] [id=16200]

VM state:at safepoint (normal execution)

VM Mutex/Monitor currently owned by a thread:  ([mutex/lock_event])
[0x00007fa5c8007df0] Threads_lock - owner thread: 0x00007fa5c8079800
[0x00007fa5c80082f0] Heap_lock - owner thread: 0x00007fa5c800b800

heap address: 0x000000008be00000, size: 1858 MB, Compressed Oops mode: 32-bit
Narrow klass base: 0x0000000000000000, Narrow klass shift: 3
Compressed class space size: 1073741824 Address: 0x0000000100000000

Heap:
 PSYoungGen      total 264192K, used 17409K [0x00000000d9500000, 0x00000000f9d00000, 0x0000000100000000)
  eden space 244224K, 0% used [0x00000000d9500000,0x00000000d9500000,0x00000000e8380000)
  from space 19968K, 87% used [0x00000000e8380000,0x00000000e9480530,0x00000000e9700000)
  to   space 22016K, 0% used [0x00000000f8780000,0x00000000f8780000,0x00000000f9d00000)
 ParOldGen       total 80896K, used 27563K [0x000000008be00000, 0x0000000090d00000, 0x00000000d9500000)
  object space 80896K, 34% used [0x000000008be00000,0x000000008d8eaf98,0x0000000090d00000)
 Metaspace       used 20599K, capacity 21228K, committed 21248K, reserved 1069056K
  class space    used 2405K, capacity 2546K, committed 2560K, reserved 1048576K

Card table byte_map: [0x00007fa5b7e40000,0x00007fa5b81e2000] byte_map_base: 0x00007fa5b79e1000

Marking Bits: (ParMarkBitMap*) 0x00007fa5cda3fd80
 Begin Bits: [0x00007fa5ac5f0000, 0x00007fa5ae2f8000)
 End Bits:   [0x00007fa5ae2f8000, 0x00007fa5b0000000)

Polling page: 0x00007fa5ce6af000

CodeCache: size=245760Kb used=13843Kb max_used=13854Kb free=231916Kb
 bounds [0x00007fa5b85a2000, 0x00007fa5b9342000, 0x00007fa5c75a2000]
 total_blobs=4452 nmethods=4095 adapters=269
 compilation: enabled

Compilation events (10 events):
Event: 4,626 Thread 0x00007fa5c80ba800 nmethod 3899 0x00007fa5b9333550 code [0x00007fa5b9333760, 0x00007fa5b9334718]
Event: 4,626 Thread 0x00007fa5c80ba800 4112       4       java.util.TreeMap::successor (66 bytes)
Event: 4,627 Thread 0x00007fa5c80bf000 4146       3       java.lang.Byte::<init> (10 bytes)
Event: 4,627 Thread 0x00007fa5c80bf000 nmethod 4146 0x00007fa5b9332c90 code [0x00007fa5b9332e00, 0x00007fa5b9333010]
Event: 4,627 Thread 0x00007fa5c80bf000 4147       3       java.lang.Short::<init> (10 bytes)
Event: 4,627 Thread 0x00007fa5c80bf000 nmethod 4147 0x00007fa5b9332810 code [0x00007fa5b9332980, 0x00007fa5b9332b90]
Event: 4,628 Thread 0x00007fa5c80ba800 nmethod 4112 0x00007fa5b9335510 code [0x00007fa5b9335660, 0x00007fa5b9335718]
Event: 4,628 Thread 0x00007fa5c80ba800 4105       4       java.util.TreeMap$PrivateEntryIterator::hasNext (13 bytes)
Event: 4,628 Thread 0x00007fa5c80ba800 nmethod 4105 0x00007fa5b932f910 code [0x00007fa5b932fa60, 0x00007fa5b932fad8]
Event: 4,628 Thread 0x00007fa5c80ba800 4113       4       java.util.TreeMap$PrivateEntryIterator::nextEntry (54 bytes)

GC Heap History (10 events):
Event: 1,934 GC heap after
Heap after GC invocations=3 (full 0):
 PSYoungGen      total 66048K, used 4592K [0x00000000d9500000, 0x00000000e1600000, 0x0000000100000000)
  eden space 61440K, 0% used [0x00000000d9500000,0x00000000d9500000,0x00000000dd100000)
  from space 4608K, 99% used [0x00000000dd100000,0x00000000dd57c050,0x00000000dd580000)
  to   space 4608K, 0% used [0x00000000e1180000,0x00000000e1180000,0x00000000e1600000)
 ParOldGen       total 80896K, used 6911K [0x000000008be00000, 0x0000000090d00000, 0x00000000d9500000)
  object space 80896K, 8% used [0x000000008be00000,0x000000008c4bfc30,0x0000000090d00000)
 Metaspace       used 15970K, capacity 16202K, committed 16384K, reserved 1062912K
  class space    used 1964K, capacity 2039K, committed 2048K, reserved 1048576K
}
Event: 2,407 GC heap before
{Heap before GC invocations=4 (full 0):
 PSYoungGen      total 66048K, used 66032K [0x00000000d9500000, 0x00000000e1600000, 0x0000000100000000)
  eden space 61440K, 100% used [0x00000000d9500000,0x00000000dd100000,0x00000000dd100000)
  from space 4608K, 99% used [0x00000000dd100000,0x00000000dd57c050,0x00000000dd580000)
  to   space 4608K, 0% used [0x00000000e1180000,0x00000000e1180000,0x00000000e1600000)
 ParOldGen       total 80896K, used 6911K [0x000000008be00000, 0x0000000090d00000, 0x00000000d9500000)
  object space 80896K, 8% used [0x000000008be00000,0x000000008c4bfc30,0x0000000090d00000)
 Metaspace       used 16764K, capacity 17048K, committed 17280K, reserved 1064960K
  class space    used 2015K, capacity 2107K, committed 2176K, reserved 1048576K
Event: 2,425 GC heap after
Heap after GC invocations=4 (full 0):
 PSYoungGen      total 127488K, used 4592K [0x00000000d9500000, 0x00000000e1600000, 0x0000000100000000)
  eden space 122880K, 0% used [0x00000000d9500000,0x00000000d9500000,0x00000000e0d00000)
  from space 4608K, 99% used [0x00000000e1180000,0x00000000e15fc030,0x00000000e1600000)
  to   space 4608K, 0% used [0x00000000e0d00000,0x00000000e0d00000,0x00000000e1180000)
 ParOldGen       total 80896K, used 16063K [0x000000008be00000, 0x0000000090d00000, 0x00000000d9500000)
  object space 80896K, 19% used [0x000000008be00000,0x000000008cdafdc8,0x0000000090d00000)
 Metaspace       used 16764K, capacity 17048K, committed 17280K, reserved 1064960K
  class space    used 2015K, capacity 2107K, committed 2176K, reserved 1048576K
}
Event: 3,227 GC heap before
{Heap before GC invocations=5 (full 0):
 PSYoungGen      total 127488K, used 127472K [0x00000000d9500000, 0x00000000e1600000, 0x0000000100000000)
  eden space 122880K, 100% used [0x00000000d9500000,0x00000000e0d00000,0x00000000e0d00000)
  from space 4608K, 99% used [0x00000000e1180000,0x00000000e15fc030,0x00000000e1600000)
  to   space 4608K, 0% used [0x00000000e0d00000,0x00000000e0d00000,0x00000000e1180000)
 ParOldGen       total 80896K, used 16063K [0x000000008be00000, 0x0000000090d00000, 0x00000000d9500000)
  object space 80896K, 19% used [0x000000008be00000,0x000000008cdafdc8,0x0000000090d00000)
 Metaspace       used 17262K, capacity 17614K, committed 17792K, reserved 1064960K
  class space    used 2024K, capacity 2116K, committed 2176K, reserved 1048576K
Event: 3,252 GC heap after
Heap after GC invocations=5 (full 0):
 PSYoungGen      total 127488K, used 4592K [0x00000000d9500000, 0x00000000ea900000, 0x0000000100000000)
  eden space 122880K, 0% used [0x00000000d9500000,0x00000000d9500000,0x00000000e0d00000)
  from space 4608K, 99% used [0x00000000e0d00000,0x00000000e117c030,0x00000000e1180000)
  to   space 18432K, 0% used [0x00000000e9700000,0x00000000e9700000,0x00000000ea900000)
 ParOldGen       total 80896K, used 26537K [0x000000008be00000, 0x0000000090d00000, 0x00000000d9500000)
  object space 80896K, 32% used [0x000000008be00000,0x000000008d7ea6d8,0x0000000090d00000)
 Metaspace       used 17262K, capacity 17614K, committed 17792K, reserved 1064960K
  class space    used 2024K, capacity 2116K, committed 2176K, reserved 1048576K
}
Event: 4,100 GC heap before
{Heap before GC invocations=6 (full 0):
 PSYoungGen      total 127488K, used 127472K [0x00000000d9500000, 0x00000000ea900000, 0x0000000100000000)
  eden space 122880K, 100% used [0x00000000d9500000,0x00000000e0d00000,0x00000000e0d00000)
  from space 4608K, 99% used [0x00000000e0d00000,0x00000000e117c030,0x00000000e1180000)
  to   space 18432K, 0% used [0x00000000e9700000,0x00000000e9700000,0x00000000ea900000)
 ParOldGen       total 80896K, used 26537K [0x000000008be00000, 0x0000000090d00000, 0x00000000d9500000)
  object space 80896K, 32% used [0x000000008be00000,0x000000008d7ea6d8,0x0000000090d00000)
 Metaspace       used 18615K, capacity 19186K, committed 19456K, reserved 1067008K
  class space    used 2153K, capacity 2292K, committed 2304K, reserved 1048576K
Event: 4,122 GC heap after
Heap after GC invocations=6 (full 0):
 PSYoungGen      total 262656K, used 14626K [0x00000000d9500000, 0x00000000eac00000, 0x0000000100000000)
  eden space 244224K, 0% used [0x00000000d9500000,0x00000000d9500000,0x00000000e8380000)
  from space 18432K, 79% used [0x00000000e9700000,0x00000000ea548948,0x00000000ea900000)
  to   space 19968K, 0% used [0x00000000e8380000,0x00000000e8380000,0x00000000e9700000)
 ParOldGen       total 80896K, used 26545K [0x000000008be00000, 0x0000000090d00000, 0x00000000d9500000)
  object space 80896K, 32% used [0x000000008be00000,0x000000008d7ec6d8,0x0000000090d00000)
 Metaspace       used 18615K, capacity 19186K, committed 19456K, reserved 1067008K
  class space    used 2153K, capacity 2292K, committed 2304K, reserved 1048576K
}
Event: 4,629 GC heap before
{Heap before GC invocations=7 (full 0):
 PSYoungGen      total 262656K, used 92828K [0x00000000d9500000, 0x00000000eac00000, 0x0000000100000000)
  eden space 244224K, 32% used [0x00000000d9500000,0x00000000de15e968,0x00000000e8380000)
  from space 18432K, 79% used [0x00000000e9700000,0x00000000ea548948,0x00000000ea900000)
  to   space 19968K, 0% used [0x00000000e8380000,0x00000000e8380000,0x00000000e9700000)
 ParOldGen       total 80896K, used 26545K [0x000000008be00000, 0x0000000090d00000, 0x00000000d9500000)
  object space 80896K, 32% used [0x000000008be00000,0x000000008d7ec6d8,0x0000000090d00000)
 Metaspace       used 20599K, capacity 21228K, committed 21248K, reserved 1069056K
  class space    used 2405K, capacity 2546K, committed 2560K, reserved 1048576K
Event: 4,654 GC heap after
Heap after GC invocations=7 (full 0):
 PSYoungGen      total 264192K, used 17409K [0x00000000d9500000, 0x00000000f9d00000, 0x0000000100000000)
  eden space 244224K, 0% used [0x00000000d9500000,0x00000000d9500000,0x00000000e8380000)
  from space 19968K, 87% used [0x00000000e8380000,0x00000000e9480530,0x00000000e9700000)
  to   space 22016K, 0% used [0x00000000f8780000,0x00000000f8780000,0x00000000f9d00000)
 ParOldGen       total 80896K, used 27563K [0x000000008be00000, 0x0000000090d00000, 0x00000000d9500000)
  object space 80896K, 34% used [0x000000008be00000,0x000000008d8eaf98,0x0000000090d00000)
 Metaspace       used 20599K, capacity 21228K, committed 21248K, reserved 1069056K
  class space    used 2405K, capacity 2546K, committed 2560K, reserved 1048576K
}
Event: 4,654 GC heap before
{Heap before GC invocations=8 (full 1):
 PSYoungGen      total 264192K, used 17409K [0x00000000d9500000, 0x00000000f9d00000, 0x0000000100000000)
  eden space 244224K, 0% used [0x00000000d9500000,0x00000000d9500000,0x00000000e8380000)
  from space 19968K, 87% used [0x00000000e8380000,0x00000000e9480530,0x00000000e9700000)
  to   space 22016K, 0% used [0x00000000f8780000,0x00000000f8780000,0x00000000f9d00000)
 ParOldGen       total 80896K, used 27563K [0x000000008be00000, 0x0000000090d00000, 0x00000000d9500000)
  object space 80896K, 34% used [0x000000008be00000,0x000000008d8eaf98,0x0000000090d00000)
 Metaspace       used 20599K, capacity 21228K, committed 21248K, reserved 1069056K
  class space    used 2405K, capacity 2546K, committed 2560K, reserved 1048576K

Deoptimization events (10 events):
Event: 3,983 Thread 0x00007fa5c800b800 Uncommon trap: reason=null_check action=make_not_entrant pc=0x00007fa5b90a652c method=com.google.inject.internal.InjectorImpl.callInContext(Lcom/google/inject/internal/ContextualCallable;)Ljava/lang/Object; @ 7
Event: 3,983 Thread 0x00007fa5c800b800 Uncommon trap: reason=unstable_if action=reinterpret pc=0x00007fa5b919f598 method=java.util.IdentityHashMap.closeDeletion(I)V @ 55
Event: 3,983 Thread 0x00007fa5c800b800 Uncommon trap: reason=unstable_if action=reinterpret pc=0x00007fa5b91c43b4 method=java.util.IdentityHashMap.closeDeletion(I)V @ 55
Event: 4,125 Thread 0x00007fa5c800b800 Uncommon trap: reason=unstable_if action=reinterpret pc=0x00007fa5b8ec9704 method=java.util.WeakHashMap.expungeStaleEntries()V @ 66
Event: 4,167 Thread 0x00007fa5c800b800 Uncommon trap: reason=class_check action=maybe_recompile pc=0x00007fa5b9125bc4 method=org.eclipse.sisu.wire.EntryListAdapter$ValueIterator.hasNext()Z @ 4
Event: 4,169 Thread 0x00007fa5c800b800 Uncommon trap: reason=unstable_if action=reinterpret pc=0x00007fa5b8e35830 method=org.eclipse.sisu.plexus.RealmFilteredBeans$FilteredItr.hasNext()Z @ 57
Event: 4,230 Thread 0x00007fa5c800b800 Uncommon trap: reason=unstable_if action=reinterpret pc=0x00007fa5b90c36d4 method=com.google.inject.internal.InjectorImpl.callInContext(Lcom/google/inject/internal/ContextualCallable;)Ljava/lang/Object; @ 161
Event: 4,390 Thread 0x00007fa5c800b800 Uncommon trap: reason=unstable_if action=reinterpret pc=0x00007fa5b91f4dbc method=java.lang.String.regionMatches(ZILjava/lang/String;II)Z @ 25
Event: 4,442 Thread 0x00007fa5c800b800 Uncommon trap: reason=class_check action=maybe_recompile pc=0x00007fa5b9125bc4 method=org.eclipse.sisu.wire.EntryListAdapter$ValueIterator.hasNext()Z @ 4
Event: 4,614 Thread 0x00007fa5c800b800 Uncommon trap: reason=unstable_if action=reinterpret pc=0x00007fa5b915bcb4 method=java.util.IdentityHashMap.nextKeyIndex(II)I @ 4

Classes redefined (0 events):
No events

Internal exceptions (10 events):
Event: 3,983 Thread 0x00007fa5c800b800 Implicit null exception at 0x00007fa5b90a43e3 to 0x00007fa5b90a651d
Event: 4,230 Thread 0x00007fa5c800b800 Implicit null exception at 0x00007fa5b90c1629 to 0x00007fa5b90c36bd
Event: 4,511 Thread 0x00007fa5c800b800 Exception <a 'java/lang/NoClassDefFoundError': org/sonatype/aether/graph/Dependency> (0x00000000dd7326d0) thrown at [/HUDSON/workspace/8-2-build-linux-amd64/jdk8u221/13320/hotspot/src/share/vm/classfile/systemDictionary.cpp, line 199]
Event: 4,522 Thread 0x00007fa5c800b800 Exception <a 'java/lang/NoClassDefFoundError': org/sonatype/aether/metadata/Metadata> (0x00000000dd848898) thrown at [/HUDSON/workspace/8-2-build-linux-amd64/jdk8u221/13320/hotspot/src/share/vm/classfile/systemDictionary.cpp, line 199]
Event: 4,522 Thread 0x00007fa5c800b800 Exception <a 'java/lang/NoClassDefFoundError': org/sonatype/aether/resolution/ArtifactResolutionException> (0x00000000dd861ef8) thrown at [/HUDSON/workspace/8-2-build-linux-amd64/jdk8u221/13320/hotspot/src/share/vm/classfile/systemDictionary.cpp, line 199
Event: 4,549 Thread 0x00007fa5c800b800 Exception <a 'java/lang/NoClassDefFoundError': org/sonatype/aether/collection/DependencyCollectionException> (0x00000000ddaae620) thrown at [/HUDSON/workspace/8-2-build-linux-amd64/jdk8u221/13320/hotspot/src/share/vm/classfile/systemDictionary.cpp, line 1
Event: 4,551 Thread 0x00007fa5c800b800 Exception <a 'java/lang/NoClassDefFoundError': org/sonatype/aether/installation/InstallationException> (0x00000000ddad3768) thrown at [/HUDSON/workspace/8-2-build-linux-amd64/jdk8u221/13320/hotspot/src/share/vm/classfile/systemDictionary.cpp, line 199]
Event: 4,577 Thread 0x00007fa5c800b800 Exception <a 'java/lang/NoClassDefFoundError': org/sonatype/aether/metadata/Metadata> (0x00000000ddd1cc20) thrown at [/HUDSON/workspace/8-2-build-linux-amd64/jdk8u221/13320/hotspot/src/share/vm/classfile/systemDictionary.cpp, line 199]
Event: 4,588 Thread 0x00007fa5c800b800 Exception <a 'java/lang/NoClassDefFoundError': org/sonatype/aether/deployment/DeploymentException> (0x00000000dde0ad00) thrown at [/HUDSON/workspace/8-2-build-linux-amd64/jdk8u221/13320/hotspot/src/share/vm/classfile/systemDictionary.cpp, line 199]
Event: 4,594 Thread 0x00007fa5c800b800 Exception <a 'java/lang/NoClassDefFoundError': org/sonatype/aether/resolution/ArtifactDescriptorException> (0x00000000dde97ae8) thrown at [/HUDSON/workspace/8-2-build-linux-amd64/jdk8u221/13320/hotspot/src/share/vm/classfile/systemDictionary.cpp, line 199

Events (10 events):
Event: 4,626 loading class sun/invoke/util/Wrapper$Format done
Event: 4,626 loading class java/lang/Byte$ByteCache
Event: 4,626 loading class java/lang/Byte$ByteCache done
Event: 4,627 loading class java/lang/Short$ShortCache
Event: 4,627 loading class java/lang/Short$ShortCache done
Event: 4,628 loading class sun/invoke/util/VerifyAccess
Event: 4,628 loading class sun/invoke/util/VerifyAccess done
Event: 4,628 loading class sun/invoke/util/ValueConversions
Event: 4,628 loading class sun/invoke/util/ValueConversions done
Event: 4,629 Executing VM operation: CollectForMetadataAllocation


Dynamic libraries:
00400000-00401000 r-xp 00000000 08:02 26741503                           /usr/lib/jvm/jdk1.8.0_221/bin/java
00600000-00601000 r--p 00000000 08:02 26741503                           /usr/lib/jvm/jdk1.8.0_221/bin/java
00601000-00602000 rw-p 00001000 08:02 26741503                           /usr/lib/jvm/jdk1.8.0_221/bin/java
00d8b000-00dac000 rw-p 00000000 00:00 0                                  [heap]
8be00000-90d00000 rw-p 00000000 00:00 0 
90d00000-d9500000 ---p 00000000 00:00 0 
d9500000-f9d00000 rw-p 00000000 00:00 0 
f9d00000-100000000 ---p 00000000 00:00 0 
100000000-100280000 rw-p 00000000 00:00 0 
100280000-140000000 ---p 00000000 00:00 0 
7fa578000000-7fa578021000 rw-p 00000000 00:00 0 
7fa578021000-7fa57c000000 ---p 00000000 00:00 0 
7fa57c000000-7fa57c021000 rw-p 00000000 00:00 0 
7fa57c021000-7fa580000000 ---p 00000000 00:00 0 
7fa580000000-7fa580bfb000 rw-p 00000000 00:00 0 
7fa580bfb000-7fa584000000 ---p 00000000 00:00 0 
7fa584000000-7fa584d31000 rw-p 00000000 00:00 0 
7fa584d31000-7fa588000000 ---p 00000000 00:00 0 
7fa588000000-7fa588021000 rw-p 00000000 00:00 0 
7fa588021000-7fa58c000000 ---p 00000000 00:00 0 
7fa58c000000-7fa58cc02000 rw-p 00000000 00:00 0 
7fa58cc02000-7fa590000000 ---p 00000000 00:00 0 
7fa590000000-7fa590021000 rw-p 00000000 00:00 0 
7fa590021000-7fa594000000 ---p 00000000 00:00 0 
7fa594000000-7fa594021000 rw-p 00000000 00:00 0 
7fa594021000-7fa598000000 ---p 00000000 00:00 0 
7fa598000000-7fa598021000 rw-p 00000000 00:00 0 
7fa598021000-7fa59c000000 ---p 00000000 00:00 0 
7fa59c000000-7fa59c29c000 rw-p 00000000 00:00 0 
7fa59c29c000-7fa5a0000000 ---p 00000000 00:00 0 
7fa5a0000000-7fa5a0021000 rw-p 00000000 00:00 0 
7fa5a0021000-7fa5a4000000 ---p 00000000 00:00 0 
7fa5a8000000-7fa5a8021000 rw-p 00000000 00:00 0 
7fa5a8021000-7fa5ac000000 ---p 00000000 00:00 0 
7fa5ac1f0000-7fa5ac230000 rw-p 00000000 00:00 0 
7fa5ac230000-7fa5ac3f0000 ---p 00000000 00:00 0 
7fa5ac3f0000-7fa5ac5f0000 rw-p 00000000 00:00 0 
7fa5ac5f0000-7fa5b0000000 rw-p 00000000 00:00 0 
7fa5b0000000-7fa5b0021000 rw-p 00000000 00:00 0 
7fa5b0021000-7fa5b4000000 ---p 00000000 00:00 0 
7fa5b408b000-7fa5b40b7000 r--s 00208000 08:02 26871641                   /home/oem/.m2/repository/com/google/guava/guava/19.0/guava-19.0.jar
7fa5b40b7000-7fa5b40b8000 r--s 00013000 08:02 27131935                   /home/oem/.m2/repository/org/ow2/asm/asm-util/7.0-beta/asm-util-7.0-beta.jar
7fa5b40b8000-7fa5b40bb000 r--s 0002b000 08:02 27131933                   /home/oem/.m2/repository/org/vafer/jdependency/2.1.1/jdependency-2.1.1.jar
7fa5b40bb000-7fa5b40bd000 r--s 00007000 08:02 27002941                   /home/oem/.m2/repository/org/apache/maven/shared/maven-dependency-tree/3.0.1/maven-dependency-tree-3.0.1.jar
7fa5b40bd000-7fa5b40c3000 r--s 00045000 08:02 27002940                   /home/oem/.m2/repository/org/jdom/jdom2/2.0.6/jdom2-2.0.6.jar
7fa5b40c3000-7fa5b40c5000 r--s 00007000 08:02 27002937                   /home/oem/.m2/repository/org/ow2/asm/asm-analysis/7.0/asm-analysis-7.0.jar
7fa5b40c5000-7fa5b40c7000 r--s 0000b000 08:02 27002935                   /home/oem/.m2/repository/org/ow2/asm/asm-tree/7.0/asm-tree-7.0.jar
7fa5b40c7000-7fa5b40c9000 r--s 00012000 08:02 27002933                   /home/oem/.m2/repository/org/ow2/asm/asm-commons/7.0/asm-commons-7.0.jar
7fa5b40c9000-7fa5b40cb000 r--s 0001a000 08:02 27002909                   /home/oem/.m2/repository/org/ow2/asm/asm/7.0/asm-7.0.jar
7fa5b40cb000-7fa5b40d2000 r--s 0004b000 08:02 26871639                   /home/oem/.m2/repository/commons-codec/commons-codec/1.11/commons-codec-1.11.jar
7fa5b40d2000-7fa5b40d7000 r--s 0001b000 08:02 27002929                   /home/oem/.m2/repository/org/apache/maven/shared/maven-artifact-transfer/0.10.0/maven-artifact-transfer-0.10.0.jar
7fa5b40d7000-7fa5b40d9000 r--s 0001a000 08:02 27002928                   /home/oem/.m2/repository/org/apache/maven/plugins/maven-shade-plugin/3.2.1/maven-shade-plugin-3.2.1.jar
7fa5b40d9000-7fa5b40dd000 r--s 00017000 08:02 27002435                   /home/oem/.m2/repository/org/tukaani/xz/1.8/xz-1.8.jar
7fa5b40dd000-7fa5b40df000 r--s 0000d000 08:02 27002434                   /home/oem/.m2/repository/org/iq80/snappy/snappy/0.4/snappy-0.4.jar
7fa5b40df000-7fa5b40e3000 r--s 0000f000 08:02 27002925                   /home/oem/.m2/repository/org/codehaus/plexus/plexus-io/3.0.1/plexus-io-3.0.1.jar
7fa5b40e3000-7fa5b40e8000 r--s 0002a000 08:02 27002924                   /home/oem/.m2/repository/org/codehaus/plexus/plexus-archiver/3.6.0/plexus-archiver-3.6.0.jar
7fa5b40e8000-7fa5b40eb000 r--s 0000d000 08:02 27002922                   /home/oem/.m2/repository/org/apache/maven/shared/maven-common-artifact-filters/3.0.1/maven-common-artifact-filters-3.0.1.jar
7fa5b40eb000-7fa5b40ed000 r--s 00000000 08:02 27002913                   /home/oem/.m2/repository/org/codehaus/plexus/plexus-component-annotations/1.6/plexus-component-annotations-1.6.jar
7fa5b40ed000-7fa5b40ef000 r--s 00000000 08:02 26871405                   /home/oem/.m2/repository/aopalliance/aopalliance/1.0/aopalliance-1.0.jar
7fa5b40ef000-7fa5b40f8000 r--s 0005f000 08:02 27002910                   /home/oem/.m2/repository/com/google/inject/guice/4.0/guice-4.0-no_aop.jar
7fa5b40f8000-7fa5b4100000 r--s 00055000 08:02 27002877                   /home/oem/.m2/repository/org/eclipse/sisu/org.eclipse.sisu.inject/0.3.2/org.eclipse.sisu.inject-0.3.2.jar
7fa5b4100000-7fa5b4103000 r--s 00008000 08:02 27002902                   /home/oem/.m2/repository/javax/enterprise/cdi-api/1.0/cdi-api-1.0.jar
7fa5b4103000-7fa5b4107000 r--s 00020000 08:02 27002900                   /home/oem/.m2/repository/org/eclipse/aether/aether-util/1.0.2.v20150114/aether-util-1.0.2.v20150114.jar
7fa5b4107000-7fa5b4108000 r--s 00003000 08:02 27002870                   /home/oem/.m2/repository/org/apache/maven/maven-builder-support/3.3.9/maven-builder-support-3.3.9.jar
7fa5b4108000-7fa5b4110000 r--s 00073000 08:02 26871411                   /home/oem/.m2/repository/org/apache/commons/commons-lang3/3.8.1/commons-lang3-3.8.1.jar
7fa5b4110000-7fa5b4113000 r--s 00010000 08:02 27002874                   /home/oem/.m2/repository/org/codehaus/plexus/plexus-interpolation/1.22/plexus-interpolation-1.22.jar
7fa5b4113000-7fa5b4117000 r--s 00025000 08:02 27002878                   /home/oem/.m2/repository/org/apache/maven/shared/maven-shared-utils/3.2.0/maven-shared-utils-3.2.0.jar
7fa5b4117000-7fa5b4118000 r--s 00005000 08:02 27002876                   /home/oem/.m2/repository/org/apache/maven/maven-archiver/3.2.0/maven-archiver-3.2.0.jar
7fa5b4118000-7fa5b4123000 r--s 00086000 08:02 27002431                   /home/oem/.m2/repository/org/apache/commons/commons-compress/1.18/commons-compress-1.18.jar
7fa5b4123000-7fa5b4124000 r--s 00005000 08:02 26871605                   /home/oem/.m2/repository/org/springframework/spring-jcl/5.1.9.RELEASE/spring-jcl-5.1.9.RELEASE.jar
7fa5b4124000-7fa5b413d000 r--s 00123000 08:02 26871603                   /home/oem/.m2/repository/org/springframework/spring-core/5.1.9.RELEASE/spring-core-5.1.9.RELEASE.jar
7fa5b413d000-7fa5b4140000 r--s 00022000 08:02 27002871                   /home/oem/.m2/repository/org/springframework/boot/spring-boot-loader-tools/2.1.8.RELEASE/spring-boot-loader-tools-2.1.8.RELEASE.jar
7fa5b4140000-7fa5b4142000 r--s 0000f000 08:02 26869806                   /home/oem/.m2/repository/org/springframework/boot/spring-boot-maven-plugin/2.1.8.RELEASE/spring-boot-maven-plugin-2.1.8.RELEASE.jar
7fa5b4142000-7fa5b4144000 r--s 00004000 08:02 27002185                   /home/oem/.m2/repository/org/codehaus/plexus/plexus-compiler-javac/2.8.4/plexus-compiler-javac-2.8.4.jar
7fa5b4144000-7fa5b4146000 r--s 00000000 08:02 27002183                   /home/oem/.m2/repository/org/codehaus/plexus/plexus-compiler-manager/2.8.4/plexus-compiler-manager-2.8.4.jar
7fa5b4146000-7fa5b4148000 r--s 00005000 08:02 27002184                   /home/oem/.m2/repository/org/codehaus/plexus/plexus-compiler-api/2.8.4/plexus-compiler-api-2.8.4.jar
7fa5b4148000-7fa5b414f000 r--s 00047000 08:02 27002178                   /home/oem/.m2/repository/com/thoughtworks/qdox/qdox/2.0-M9/qdox-2.0-M9.jar
7fa5b414f000-7fa5b4151000 r--s 0001a000 08:02 27002174                   /home/oem/.m2/repository/org/ow2/asm/asm/6.2/asm-6.2.jar
7fa5b4151000-7fa5b4153000 r--s 00008000 08:02 27002176                   /home/oem/.m2/repository/org/codehaus/plexus/plexus-java/0.9.10/plexus-java-0.9.10.jar
7fa5b4153000-7fa5b4155000 r--s 00002000 08:02 27002172                   /home/oem/.m2/repository/org/apache/maven/shared/maven-shared-incremental/1.1/maven-shared-incremental-1.1.jar
7fa5b4155000-7fa5b4158000 r--s 00026000 08:02 27001676                   /home/oem/.m2/repository/org/apache/maven/shared/maven-shared-utils/3.2.1/maven-shared-utils-3.2.1.jar
7fa5b4158000-7fa5b415a000 r--s 0000d000 08:02 27002170                   /home/oem/.m2/repository/org/codehaus/plexus/plexus-interpolation/1.14/plexus-interpolation-1.14.jar
7fa5b415a000-7fa5b415e000 r--s 00033000 08:02 27001659                   /home/oem/.m2/repository/org/codehaus/plexus/plexus-utils/2.0.4/plexus-utils-2.0.4.jar
7fa5b415e000-7fa5b4160000 r--s 0000e000 08:02 26871214                   /home/oem/.m2/repository/org/apache/maven/plugins/maven-compiler-plugin/3.8.1/maven-compiler-plugin-3.8.1.jar
7fa5b4160000-7fa5b4163000 r--s 00011000 08:02 27002050                   /home/oem/.m2/repository/org/codehaus/plexus/plexus-interpolation/1.24/plexus-interpolation-1.24.jar
7fa5b4163000-7fa5b4167000 r--s 0002f000 08:02 27001677                   /home/oem/.m2/repository/commons-io/commons-io/2.5/commons-io-2.5.jar
7fa5b4167000-7fa5b4169000 r--s 00001000 08:02 27002049                   /home/oem/.m2/repository/org/sonatype/plexus/plexus-build-api/0.0.7/plexus-build-api-0.0.7.jar
7fa5b4169000-7fa5b416b000 r--s 00006000 08:02 27001858                   /home/oem/.m2/repository/com/google/code/findbugs/jsr305/2.0.1/jsr305-2.0.1.jar
7fa5b416b000-7fa5b416e000 r--s 00023000 08:02 27002047                   /home/oem/.m2/repository/org/apache/maven/shared/maven-shared-utils/3.0.0/maven-shared-utils-3.0.0.jar
7fa5b416e000-7fa5b4170000 r--s 0000b000 08:02 27002046                   /home/oem/.m2/repository/org/apache/maven/shared/maven-filtering/3.1.1/maven-filtering-3.1.1.jar
7fa5b4170000-7fa5b4174000 r--s 0003c000 08:02 27002044                   /home/oem/.m2/repository/org/codehaus/plexus/plexus-utils/3.1.0/plexus-utils-3.1.0.jar
7fa5b4174000-7fa5b4176000 r--s 00002000 08:02 27002039                   /home/oem/.m2/repository/org/sonatype/plexus/plexus-cipher/1.4/plexus-cipher-1.4.jar
7fa5b4176000-7fa5b4177000 r--s 00006000 08:02 27002038                   /home/oem/.m2/repository/org/sonatype/plexus/plexus-sec-dispatcher/1.3/plexus-sec-dispatcher-1.3.jar
7fa5b4177000-7fa5b4179000 r--s 00000000 08:02 27001666                   /home/oem/.m2/repository/org/codehaus/plexus/plexus-component-annotations/1.7.1/plexus-component-annotations-1.7.1.jar
7fa5b4179000-7fa5b417d000 r--s 00017000 08:02 27002037                   /home/oem/.m2/repository/org/sonatype/aether/aether-util/1.7/aether-util-1.7.jar
7fa5b417d000-7fa5b4188000 r--s 00069000 08:02 27001674                   /home/oem/.m2/repository/org/sonatype/sisu/sisu-guice/2.1.7/sisu-guice-2.1.7-noaop.jar
7fa5b4188000-7fa5b418d000 r--s 00021000 08:02 27001672                   /home/oem/.m2/repository/org/sonatype/sisu/sisu-inject-bean/1.4.2/sisu-inject-bean-1.4.2.jar
7fa5b418d000-7fa5b418e000 r--s 00007000 08:02 26871199                   /home/oem/.m2/repository/org/apache/maven/plugins/maven-resources-plugin/3.1.0/maven-resources-plugin-3.1.0.jar
7fa5b418e000-7fa5b438e000 rw-p 00000000 00:00 0 
7fa5b438e000-7fa5b439f000 r-xp 00000000 08:02 26741874                   /usr/lib/jvm/jdk1.8.0_221/jre/lib/amd64/libnio.so
7fa5b439f000-7fa5b459e000 ---p 00011000 08:02 26741874                   /usr/lib/jvm/jdk1.8.0_221/jre/lib/amd64/libnio.so
7fa5b459e000-7fa5b459f000 r--p 00010000 08:02 26741874                   /usr/lib/jvm/jdk1.8.0_221/jre/lib/amd64/libnio.so
7fa5b459f000-7fa5b45a0000 rw-p 00011000 08:02 26741874                   /usr/lib/jvm/jdk1.8.0_221/jre/lib/amd64/libnio.so
7fa5b45a0000-7fa5b45b6000 r-xp 00000000 08:02 26741813                   /usr/lib/jvm/jdk1.8.0_221/jre/lib/amd64/libnet.so
7fa5b45b6000-7fa5b47b5000 ---p 00016000 08:02 26741813                   /usr/lib/jvm/jdk1.8.0_221/jre/lib/amd64/libnet.so
7fa5b47b5000-7fa5b47b6000 r--p 00015000 08:02 26741813                   /usr/lib/jvm/jdk1.8.0_221/jre/lib/amd64/libnet.so
7fa5b47b6000-7fa5b47b7000 rw-p 00016000 08:02 26741813                   /usr/lib/jvm/jdk1.8.0_221/jre/lib/amd64/libnet.so
7fa5b47b7000-7fa5b47c1000 r--s 00116000 08:02 26741757                   /usr/lib/jvm/jdk1.8.0_221/jre/lib/ext/localedata.jar
7fa5b47c1000-7fa5b47dd000 r--s 00393000 08:02 26741765                   /usr/lib/jvm/jdk1.8.0_221/jre/lib/ext/cldrdata.jar
7fa5b47dd000-7fa5b47e2000 r--s 000a3000 08:02 26741771                   /usr/lib/jvm/jdk1.8.0_221/jre/lib/jsse.jar
7fa5b47e2000-7fa5b49e2000 rw-p 00000000 00:00 0 
7fa5b49e2000-7fa5b4be2000 rw-p 00000000 00:00 0 
7fa5b4be2000-7fa5b4de2000 rw-p 00000000 00:00 0 
7fa5b4de2000-7fa5b4de3000 r--s 00002000 08:02 22549726                   /usr/share/java/geronimo-annotation-1.3-spec.jar
7fa5b4de3000-7fa5b4de7000 r--s 0003b000 08:02 22549758                   /usr/share/java/plexus-utils2.jar
7fa5b4de7000-7fa5b4dec000 r--s 00025000 08:02 22549822                   /usr/share/java/maven3-model-builder.jar
7fa5b4dec000-7fa5b4df3000 r--s 00054000 08:02 22549813                   /usr/share/java/sisu-inject.jar
7fa5b4df3000-7fa5b4df6000 r--s 00027000 08:02 22549823                   /usr/share/java/maven3-model.jar
7fa5b4df6000-7fa5b4dfc000 r--s 0002d000 08:02 22549815                   /usr/share/java/sisu-plexus.jar
7fa5b4dfc000-7fa5b4e01000 r--s 00021000 08:02 22549770                   /usr/share/java/maven-resolver-util.jar
7fa5b4e01000-7fa5b4e03000 r--s 00008000 08:02 22549763                   /usr/share/java/maven-resolver-connector-basic.jar
7fa5b4e03000-7fa5b4e06000 r--s 00011000 08:02 22549789                   /usr/share/java/plexus-interpolation.jar
7fa5b4e06000-7fa5b4e07000 r--s 00003000 08:02 22549782                   /usr/share/java/plexus-cipher.jar
7fa5b4e07000-7fa5b4e08000 r--s 00004000 08:02 22549829                   /usr/share/java/maven3-slf4j-provider.jar
7fa5b4e08000-7fa5b4e0b000 r--s 0000a000 08:02 22549817                   /usr/share/java/maven3-artifact.jar
7fa5b4e0b000-7fa5b4e0e000 r--s 00015000 08:02 22549821                   /usr/share/java/maven3-embedder.jar
7fa5b4e0e000-7fa5b4e10000 r--s 0000d000 08:02 22549826                   /usr/share/java/maven3-resolver-provider.jar
7fa5b4e10000-7fa5b4e1e000 r--s 0009a000 08:02 22549742                   /usr/share/java/guice.jar
7fa5b4e1e000-7fa5b4e20000 r--s 00007000 08:02 22549756                   /usr/share/java/jansi.jar
7fa5b4e20000-7fa5b4e22000 r--s 00009000 08:02 22549796                   /usr/share/java/slf4j-api.jar
7fa5b4e22000-7fa5b4e23000 r--s 00006000 08:02 22549825                   /usr/share/java/maven3-repository-metadata.jar
7fa5b4e23000-7fa5b4e30000 r--s 0008b000 08:02 22549820                   /usr/share/java/maven3-core.jar
7fa5b4e30000-7fa5b4e5c000 r--s 00208000 08:02 22549730                   /usr/share/java/guava.jar
7fa5b4e5c000-7fa5b4e89000 r--s 001ce000 08:02 22549858                   /usr/share/java/wagon-http-shaded-3.0.0.jar
7fa5b4e89000-7fa5b4e8a000 ---p 00000000 00:00 0 
7fa5b4e8a000-7fa5b4f8a000 rw-p 00000000 00:00 0 
7fa5b4f8a000-7fa5b4f8d000 ---p 00000000 00:00 0 
7fa5b4f8d000-7fa5b508b000 rw-p 00000000 00:00 0 
7fa5b508b000-7fa5b508c000 ---p 00000000 00:00 0 
7fa5b508c000-7fa5b508f000 ---p 00000000 00:00 0 
7fa5b508f000-7fa5b518c000 rw-p 00000000 00:00 0 
7fa5b518c000-7fa5b518d000 ---p 00000000 00:00 0 
7fa5b518d000-7fa5b5190000 ---p 00000000 00:00 0 
7fa5b5190000-7fa5b528d000 rw-p 00000000 00:00 0 
7fa5b528d000-7fa5b528e000 ---p 00000000 00:00 0 
7fa5b528e000-7fa5b5291000 ---p 00000000 00:00 0 
7fa5b5291000-7fa5b538e000 rw-p 00000000 00:00 0 
7fa5b538e000-7fa5b5391000 ---p 00000000 00:00 0 
7fa5b5391000-7fa5b548f000 rw-p 00000000 00:00 0 
7fa5b548f000-7fa5b576f000 r--p 00000000 08:02 22025946                   /usr/lib/locale/locale-archive
7fa5b576f000-7fa5b5772000 ---p 00000000 00:00 0 
7fa5b5772000-7fa5b5870000 rw-p 00000000 00:00 0 
7fa5b5870000-7fa5b5873000 ---p 00000000 00:00 0 
7fa5b5873000-7fa5b5971000 rw-p 00000000 00:00 0 
7fa5b5971000-7fa5b5972000 ---p 00000000 00:00 0 
7fa5b5972000-7fa5b6a55000 rw-p 00000000 00:00 0 
7fa5b6a55000-7fa5b6c2f000 r--s 03d88000 08:02 26741562                   /usr/lib/jvm/jdk1.8.0_221/jre/lib/rt.jar
7fa5b6c2f000-7fa5b77d0000 rw-p 00000000 00:00 0 
7fa5b77d0000-7fa5b77d1000 ---p 00000000 00:00 0 
7fa5b77d1000-7fa5b78d1000 rw-p 00000000 00:00 0 
7fa5b78d1000-7fa5b78d2000 ---p 00000000 00:00 0 
7fa5b78d2000-7fa5b79d2000 rw-p 00000000 00:00 0 
7fa5b79d2000-7fa5b79d3000 ---p 00000000 00:00 0 
7fa5b79d3000-7fa5b7ad3000 rw-p 00000000 00:00 0 
7fa5b7ad3000-7fa5b7ad4000 ---p 00000000 00:00 0 
7fa5b7ad4000-7fa5b7bfc000 rw-p 00000000 00:00 0 
7fa5b7bfc000-7fa5b7e40000 ---p 00000000 00:00 0 
7fa5b7e40000-7fa5b7e68000 rw-p 00000000 00:00 0 
7fa5b7e68000-7fa5b80ab000 ---p 00000000 00:00 0 
7fa5b80ab000-7fa5b81b0000 rw-p 00000000 00:00 0 
7fa5b81b0000-7fa5b81e1000 ---p 00000000 00:00 0 
7fa5b81e1000-7fa5b8219000 rw-p 00000000 00:00 0 
7fa5b8219000-7fa5b85a2000 ---p 00000000 00:00 0 
7fa5b85a2000-7fa5b9342000 rwxp 00000000 00:00 0 
7fa5b9342000-7fa5c75a2000 ---p 00000000 00:00 0 
7fa5c75a2000-7fa5c75bd000 r-xp 00000000 08:02 26741836                   /usr/lib/jvm/jdk1.8.0_221/jre/lib/amd64/libzip.so
7fa5c75bd000-7fa5c77bc000 ---p 0001b000 08:02 26741836                   /usr/lib/jvm/jdk1.8.0_221/jre/lib/amd64/libzip.so
7fa5c77bc000-7fa5c77bd000 r--p 0001a000 08:02 26741836                   /usr/lib/jvm/jdk1.8.0_221/jre/lib/amd64/libzip.so
7fa5c77bd000-7fa5c77be000 rw-p 0001b000 08:02 26741836                   /usr/lib/jvm/jdk1.8.0_221/jre/lib/amd64/libzip.so
7fa5c77be000-7fa5c77c9000 r-xp 00000000 08:02 23729052                   /lib/x86_64-linux-gnu/libnss_files-2.27.so
7fa5c77c9000-7fa5c79c8000 ---p 0000b000 08:02 23729052                   /lib/x86_64-linux-gnu/libnss_files-2.27.so
7fa5c79c8000-7fa5c79c9000 r--p 0000a000 08:02 23729052                   /lib/x86_64-linux-gnu/libnss_files-2.27.so
7fa5c79c9000-7fa5c79ca000 rw-p 0000b000 08:02 23729052                   /lib/x86_64-linux-gnu/libnss_files-2.27.so
7fa5c79ca000-7fa5c79d0000 rw-p 00000000 00:00 0 
7fa5c79d0000-7fa5c79e7000 r-xp 00000000 08:02 23729046                   /lib/x86_64-linux-gnu/libnsl-2.27.so
7fa5c79e7000-7fa5c7be6000 ---p 00017000 08:02 23729046                   /lib/x86_64-linux-gnu/libnsl-2.27.so
7fa5c7be6000-7fa5c7be7000 r--p 00016000 08:02 23729046                   /lib/x86_64-linux-gnu/libnsl-2.27.so
7fa5c7be7000-7fa5c7be8000 rw-p 00017000 08:02 23729046                   /lib/x86_64-linux-gnu/libnsl-2.27.so
7fa5c7be8000-7fa5c7bea000 rw-p 00000000 00:00 0 
7fa5c7bea000-7fa5c7bf5000 r-xp 00000000 08:02 23729063                   /lib/x86_64-linux-gnu/libnss_nis-2.27.so
7fa5c7bf5000-7fa5c7df4000 ---p 0000b000 08:02 23729063                   /lib/x86_64-linux-gnu/libnss_nis-2.27.so
7fa5c7df4000-7fa5c7df5000 r--p 0000a000 08:02 23729063                   /lib/x86_64-linux-gnu/libnss_nis-2.27.so
7fa5c7df5000-7fa5c7df6000 rw-p 0000b000 08:02 23729063                   /lib/x86_64-linux-gnu/libnss_nis-2.27.so
7fa5c7df6000-7fa5c7dfe000 r-xp 00000000 08:02 23729048                   /lib/x86_64-linux-gnu/libnss_compat-2.27.so
7fa5c7dfe000-7fa5c7ffe000 ---p 00008000 08:02 23729048                   /lib/x86_64-linux-gnu/libnss_compat-2.27.so
7fa5c7ffe000-7fa5c7fff000 r--p 00008000 08:02 23729048                   /lib/x86_64-linux-gnu/libnss_compat-2.27.so
7fa5c7fff000-7fa5c8000000 rw-p 00009000 08:02 23729048                   /lib/x86_64-linux-gnu/libnss_compat-2.27.so
7fa5c8000000-7fa5c8f2b000 rw-p 00000000 00:00 0 
7fa5c8f2b000-7fa5cc000000 ---p 00000000 00:00 0 
7fa5cc000000-7fa5cc005000 r--s 00030000 08:02 22549720                   /usr/share/java/commons-io.jar
7fa5cc005000-7fa5cc007000 r--s 0000a000 08:02 22549824                   /usr/share/java/maven3-plugin-api.jar
7fa5cc007000-7fa5cc009000 r--s 0000b000 08:02 22549760                   /usr/share/java/wagon-provider-api.jar
7fa5cc009000-7fa5cc00b000 r--s 0000a000 08:02 22549703                   /usr/share/java/commons-cli.jar
7fa5cc00b000-7fa5cc00e000 r--s 00024000 08:02 22549780                   /usr/share/java/maven-shared-utils.jar
7fa5cc00e000-7fa5cc016000 r--s 00072000 08:02 22549724                   /usr/share/java/commons-lang3.jar
7fa5cc016000-7fa5cc01a000 r--s 0001f000 08:02 22549762                   /usr/share/java/maven-resolver-api.jar
7fa5cc01a000-7fa5cc090000 rw-p 00000000 00:00 0 
7fa5cc090000-7fa5cc0bc000 r-xp 00000000 08:02 26741827                   /usr/lib/jvm/jdk1.8.0_221/jre/lib/amd64/libjava.so
7fa5cc0bc000-7fa5cc2bc000 ---p 0002c000 08:02 26741827                   /usr/lib/jvm/jdk1.8.0_221/jre/lib/amd64/libjava.so
7fa5cc2bc000-7fa5cc2bd000 r--p 0002c000 08:02 26741827                   /usr/lib/jvm/jdk1.8.0_221/jre/lib/amd64/libjava.so
7fa5cc2bd000-7fa5cc2bf000 rw-p 0002d000 08:02 26741827                   /usr/lib/jvm/jdk1.8.0_221/jre/lib/amd64/libjava.so
7fa5cc2bf000-7fa5cc2cc000 r-xp 00000000 08:02 26741818                   /usr/lib/jvm/jdk1.8.0_221/jre/lib/amd64/libverify.so
7fa5cc2cc000-7fa5cc4cb000 ---p 0000d000 08:02 26741818                   /usr/lib/jvm/jdk1.8.0_221/jre/lib/amd64/libverify.so
7fa5cc4cb000-7fa5cc4cd000 r--p 0000c000 08:02 26741818                   /usr/lib/jvm/jdk1.8.0_221/jre/lib/amd64/libverify.so
7fa5cc4cd000-7fa5cc4ce000 rw-p 0000e000 08:02 26741818                   /usr/lib/jvm/jdk1.8.0_221/jre/lib/amd64/libverify.so
7fa5cc4ce000-7fa5cc4d5000 r-xp 00000000 08:02 23729103                   /lib/x86_64-linux-gnu/librt-2.27.so
7fa5cc4d5000-7fa5cc6d4000 ---p 00007000 08:02 23729103                   /lib/x86_64-linux-gnu/librt-2.27.so
7fa5cc6d4000-7fa5cc6d5000 r--p 00006000 08:02 23729103                   /lib/x86_64-linux-gnu/librt-2.27.so
7fa5cc6d5000-7fa5cc6d6000 rw-p 00007000 08:02 23729103                   /lib/x86_64-linux-gnu/librt-2.27.so
7fa5cc6d6000-7fa5cc873000 r-xp 00000000 08:02 23729025                   /lib/x86_64-linux-gnu/libm-2.27.so
7fa5cc873000-7fa5cca72000 ---p 0019d000 08:02 23729025                   /lib/x86_64-linux-gnu/libm-2.27.so
7fa5cca72000-7fa5cca73000 r--p 0019c000 08:02 23729025                   /lib/x86_64-linux-gnu/libm-2.27.so
7fa5cca73000-7fa5cca74000 rw-p 0019d000 08:02 23729025                   /lib/x86_64-linux-gnu/libm-2.27.so
7fa5cca74000-7fa5cd75c000 r-xp 00000000 08:02 26741834                   /usr/lib/jvm/jdk1.8.0_221/jre/lib/amd64/server/libjvm.so
7fa5cd75c000-7fa5cd95b000 ---p 00ce8000 08:02 26741834                   /usr/lib/jvm/jdk1.8.0_221/jre/lib/amd64/server/libjvm.so
7fa5cd95b000-7fa5cd9f1000 r--p 00ce7000 08:02 26741834                   /usr/lib/jvm/jdk1.8.0_221/jre/lib/amd64/server/libjvm.so
7fa5cd9f1000-7fa5cda22000 rw-p 00d7d000 08:02 26741834                   /usr/lib/jvm/jdk1.8.0_221/jre/lib/amd64/server/libjvm.so
7fa5cda22000-7fa5cda5d000 rw-p 00000000 00:00 0 
7fa5cda5d000-7fa5cdc44000 r-xp 00000000 08:02 23728962                   /lib/x86_64-linux-gnu/libc-2.27.so
7fa5cdc44000-7fa5cde44000 ---p 001e7000 08:02 23728962                   /lib/x86_64-linux-gnu/libc-2.27.so
7fa5cde44000-7fa5cde48000 r--p 001e7000 08:02 23728962                   /lib/x86_64-linux-gnu/libc-2.27.so
7fa5cde48000-7fa5cde4a000 rw-p 001eb000 08:02 23728962                   /lib/x86_64-linux-gnu/libc-2.27.so
7fa5cde4a000-7fa5cde4e000 rw-p 00000000 00:00 0 
7fa5cde4e000-7fa5cde51000 r-xp 00000000 08:02 23728985                   /lib/x86_64-linux-gnu/libdl-2.27.so
7fa5cde51000-7fa5ce050000 ---p 00003000 08:02 23728985                   /lib/x86_64-linux-gnu/libdl-2.27.so
7fa5ce050000-7fa5ce051000 r--p 00002000 08:02 23728985                   /lib/x86_64-linux-gnu/libdl-2.27.so
7fa5ce051000-7fa5ce052000 rw-p 00003000 08:02 23728985                   /lib/x86_64-linux-gnu/libdl-2.27.so
7fa5ce052000-7fa5ce069000 r-xp 00000000 08:02 22809638                   /usr/lib/jvm/jdk1.8.0_221/lib/amd64/jli/libjli.so
7fa5ce069000-7fa5ce268000 ---p 00017000 08:02 22809638                   /usr/lib/jvm/jdk1.8.0_221/lib/amd64/jli/libjli.so
7fa5ce268000-7fa5ce269000 r--p 00016000 08:02 22809638                   /usr/lib/jvm/jdk1.8.0_221/lib/amd64/jli/libjli.so
7fa5ce269000-7fa5ce26a000 rw-p 00017000 08:02 22809638                   /usr/lib/jvm/jdk1.8.0_221/lib/amd64/jli/libjli.so
7fa5ce26a000-7fa5ce284000 r-xp 00000000 08:02 23729095                   /lib/x86_64-linux-gnu/libpthread-2.27.so
7fa5ce284000-7fa5ce483000 ---p 0001a000 08:02 23729095                   /lib/x86_64-linux-gnu/libpthread-2.27.so
7fa5ce483000-7fa5ce484000 r--p 00019000 08:02 23729095                   /lib/x86_64-linux-gnu/libpthread-2.27.so
7fa5ce484000-7fa5ce485000 rw-p 0001a000 08:02 23729095                   /lib/x86_64-linux-gnu/libpthread-2.27.so
7fa5ce485000-7fa5ce489000 rw-p 00000000 00:00 0 
7fa5ce489000-7fa5ce4b0000 r-xp 00000000 08:02 23728934                   /lib/x86_64-linux-gnu/ld-2.27.so
7fa5ce4b0000-7fa5ce4b1000 r--s 00001000 08:02 22549856                   /usr/share/java/wagon-file.jar
7fa5ce4b1000-7fa5ce4b2000 r--s 0000a000 08:02 22549828                   /usr/share/java/maven3-settings.jar
7fa5ce4b2000-7fa5ce4b4000 r--s 00000000 08:02 22549786                   /usr/share/java/plexus-component-annotations.jar
7fa5ce4b4000-7fa5ce4b5000 r--s 00001000 08:02 22549691                   /usr/share/java/geronimo-interceptor-3.0-spec.jar
7fa5ce4b5000-7fa5ce4b7000 r--s 0000d000 08:02 22547675                   /usr/share/java/el-api.jar
7fa5ce4b7000-7fa5ce4b8000 r--s 00000000 08:02 22549685                   /usr/share/java/atinject-jsr330-api-1.0.jar
7fa5ce4b8000-7fa5ce4bb000 r--s 0000e000 08:02 22549696                   /usr/share/java/cdi-api.jar
7fa5ce4bb000-7fa5ce4bd000 r--s 00005000 08:02 22549769                   /usr/share/java/maven-resolver-transport-wagon.jar
7fa5ce4bd000-7fa5ce4bf000 r--s 00003000 08:02 22549793                   /usr/share/java/jcl-over-slf4j.jar
7fa5ce4bf000-7fa5ce4c2000 r--s 00007000 08:02 22549827                   /usr/share/java/maven3-settings-builder.jar
7fa5ce4c2000-7fa5ce4c9000 r--s 00041000 08:02 22549819                   /usr/share/java/maven3-compat.jar
7fa5ce4c9000-7fa5ce592000 rw-p 00000000 00:00 0 
7fa5ce592000-7fa5ce593000 ---p 00000000 00:00 0 
7fa5ce593000-7fa5ce596000 ---p 00000000 00:00 0 
7fa5ce596000-7fa5ce697000 rw-p 00000000 00:00 0 
7fa5ce697000-7fa5ce699000 r--s 00006000 08:02 22549791                   /usr/share/java/plexus-sec-dispatcher.jar
7fa5ce699000-7fa5ce69b000 r--s 00001000 08:02 22549818                   /usr/share/java/maven3-builder-support.jar
7fa5ce69b000-7fa5ce69d000 r--s 00001000 08:02 22549732                   /usr/share/java/aopalliance-1.0.jar
7fa5ce69d000-7fa5ce6a1000 r--s 00027000 08:02 22549764                   /usr/share/java/maven-resolver-impl.jar
7fa5ce6a1000-7fa5ce6a3000 r--s 00006000 08:02 22549765                   /usr/share/java/maven-resolver-spi.jar
7fa5ce6a3000-7fa5ce6a4000 r--s 00000000 08:02 22549685                   /usr/share/java/atinject-jsr330-api-1.0.jar
7fa5ce6a4000-7fa5ce6a6000 r--s 0000b000 08:02 22549784                   /usr/share/java/plexus-classworlds.jar
7fa5ce6a6000-7fa5ce6ae000 rw-s 00000000 08:02 13631648                   /tmp/hsperfdata_oem/16169
7fa5ce6ae000-7fa5ce6af000 rw-p 00000000 00:00 0 
7fa5ce6af000-7fa5ce6b0000 ---p 00000000 00:00 0 
7fa5ce6b0000-7fa5ce6b1000 r--p 00027000 08:02 23728934                   /lib/x86_64-linux-gnu/ld-2.27.so
7fa5ce6b1000-7fa5ce6b2000 rw-p 00028000 08:02 23728934                   /lib/x86_64-linux-gnu/ld-2.27.so
7fa5ce6b2000-7fa5ce6b3000 rw-p 00000000 00:00 0 
7ffcc47f8000-7ffcc481a000 rw-p 00000000 00:00 0                          [stack]
7ffcc48fa000-7ffcc48fd000 r--p 00000000 00:00 0                          [vvar]
7ffcc48fd000-7ffcc48ff000 r-xp 00000000 00:00 0                          [vdso]
ffffffffff600000-ffffffffff601000 r-xp 00000000 00:00 0                  [vsyscall]

VM Arguments:
jvm_args: -Dclassworlds.conf=/usr/share/maven/bin/m2.conf -Dmaven.home=/usr/share/maven -Dlibrary.jansi.path=/usr/share/maven/lib/jansi-native -Dmaven.multiModuleProjectDirectory=/home/oem/Documentos/Github/bora-backend/eventos 
java_command: org.codehaus.plexus.classworlds.launcher.Launcher spring-boot:run
java_class_path (initial): /usr/share/maven/boot/plexus-classworlds-2.x.jar
Launcher Type: SUN_STANDARD

Environment Variables:
JAVA_HOME=/usr/lib/jvm/jdk1.8.0_221
PATH=/opt/node-v10.16.3-linux-x64/bin:/home/linuxbrew/.linuxbrew/bin:/home/linuxbrew/.linuxbrew/sbin:/opt/node-v10.16.3-linux-x64/bin:/usr/local/sbin:/usr/local/bin:/usr/sbin:/usr/bin:/sbin:/bin:/usr/games:/usr/local/games:/usr/lib/jvm/jdk1.8.0_221/bin:/usr/lib/jvm/jdk1.8.0_221/db/bin:/usr/lib/jvm/jdk1.8.0_221/jre/bin
SHELL=/bin/bash
DISPLAY=:0

Signal Handlers:
SIGSEGV: [libjvm.so+0xad3d90], sa_mask[0]=11111111011111111101111111111110, sa_flags=SA_RESTART|SA_SIGINFO
SIGBUS: [libjvm.so+0xad3d90], sa_mask[0]=11111111011111111101111111111110, sa_flags=SA_RESTART|SA_SIGINFO
SIGFPE: [libjvm.so+0x90b8b0], sa_mask[0]=11111111011111111101111111111110, sa_flags=SA_RESTART|SA_SIGINFO
SIGPIPE: [libjvm.so+0x90b8b0], sa_mask[0]=11111111011111111101111111111110, sa_flags=SA_RESTART|SA_SIGINFO
SIGXFSZ: [libjvm.so+0x90b8b0], sa_mask[0]=11111111011111111101111111111110, sa_flags=SA_RESTART|SA_SIGINFO
SIGILL: [libjvm.so+0x90b8b0], sa_mask[0]=11111111011111111101111111111110, sa_flags=SA_RESTART|SA_SIGINFO
SIGUSR1: SIG_DFL, sa_mask[0]=00000000000000000000000000000000, sa_flags=none
SIGUSR2: [libjvm.so+0x90b780], sa_mask[0]=00000000000000000000000000000000, sa_flags=SA_RESTART|SA_SIGINFO
SIGHUP: [libjvm.so+0x90bda0], sa_mask[0]=11111111011111111101111111111110, sa_flags=SA_RESTART|SA_SIGINFO
SIGINT: [libjvm.so+0x90bda0], sa_mask[0]=11111111011111111101111111111110, sa_flags=SA_RESTART|SA_SIGINFO
SIGTERM: [libjvm.so+0x90bda0], sa_mask[0]=11111111011111111101111111111110, sa_flags=SA_RESTART|SA_SIGINFO
SIGQUIT: [libjvm.so+0x90bda0], sa_mask[0]=11111111011111111101111111111110, sa_flags=SA_RESTART|SA_SIGINFO


---------------  S Y S T E M  ---------------

OS:DISTRIB_ID=LinuxMint
DISTRIB_RELEASE=19.2
DISTRIB_CODENAME=tina
DISTRIB_DESCRIPTION="Linux Mint 19.2 Tina"

uname:Linux 4.15.0-54-generic #58-Ubuntu SMP Mon Jun 24 10:55:24 UTC 2019 x86_64
libc:glibc 2.27 NPTL 2.27 
rlimit: STACK 8192k, CORE 0k, NPROC 28715, NOFILE 4096, AS infinity
load average:1,78 0,88 0,88

/proc/meminfo:
MemTotal:        7608512 kB
MemFree:          616736 kB
MemAvailable:    1562680 kB
Buffers:           78808 kB
Cached:          1287596 kB
SwapCached:            0 kB
Active:          5666652 kB
Inactive:        1037632 kB
Active(anon):    5095928 kB
Inactive(anon):   487096 kB
Active(file):     570724 kB
Inactive(file):   550536 kB
Unevictable:          48 kB
Mlocked:              48 kB
SwapTotal:       2097148 kB
SwapFree:        2096880 kB
Dirty:               388 kB
Writeback:             0 kB
AnonPages:       5337940 kB
Mapped:           521248 kB
Shmem:            257944 kB
Slab:             138688 kB
SReclaimable:      90036 kB
SUnreclaim:        48652 kB
KernelStack:       14208 kB
PageTables:        62300 kB
NFS_Unstable:          0 kB
Bounce:                0 kB
WritebackTmp:          0 kB
CommitLimit:     5901404 kB
Committed_AS:   11969588 kB
VmallocTotal:   34359738367 kB
VmallocUsed:           0 kB
VmallocChunk:          0 kB
HardwareCorrupted:     0 kB
AnonHugePages:         0 kB
ShmemHugePages:        0 kB
ShmemPmdMapped:        0 kB
CmaTotal:              0 kB
CmaFree:               0 kB
HugePages_Total:       0
HugePages_Free:        0
HugePages_Rsvd:        0
HugePages_Surp:        0
Hugepagesize:       2048 kB
DirectMap4k:      246304 kB
DirectMap2M:     7575552 kB

container (cgroup) information:
container_type: cgroupv1
cpu_cpuset_cpus: 0-3
cpu_memory_nodes: 0
active_processor_count: 4
cpu_quota: -1
cpu_period: 100000
cpu_shares: -1
memory_limit_in_bytes: -1
memory_and_swap_limit_in_bytes: -2
memory_soft_limit_in_bytes: -1
memory_usage_in_bytes: 6865719296
memory_max_usage_in_bytes: 0


CPU:total 4 (initial active 4) (2 cores per cpu, 2 threads per core) family 6 model 58 stepping 9, cmov, cx8, fxsr, mmx, sse, sse2, sse3, ssse3, sse4.1, sse4.2, popcnt, avx, aes, clmul, erms, ht, tsc, tscinvbit, tscinv

/proc/cpuinfo:
processor	: 0
vendor_id	: GenuineIntel
cpu family	: 6
model		: 58
model name	: Intel(R) Core(TM) i5-3210M CPU @ 2.50GHz
stepping	: 9
microcode	: 0x13
cpu MHz		: 2832.741
cache size	: 3072 KB
physical id	: 0
siblings	: 4
core id		: 0
cpu cores	: 2
apicid		: 0
initial apicid	: 0
fpu		: yes
fpu_exception	: yes
cpuid level	: 13
wp		: yes
flags		: fpu vme de pse tsc msr pae mce cx8 apic sep mtrr pge mca cmov pat pse36 clflush dts acpi mmx fxsr sse sse2 ss ht tm pbe syscall nx rdtscp lm constant_tsc arch_perfmon pebs bts rep_good nopl xtopology nonstop_tsc cpuid aperfmperf pni pclmulqdq dtes64 monitor ds_cpl vmx est tm2 ssse3 cx16 xtpr pdcm pcid sse4_1 sse4_2 x2apic popcnt tsc_deadline_timer aes xsave avx f16c rdrand lahf_lm cpuid_fault epb pti tpr_shadow vnmi flexpriority ept vpid fsgsbase smep erms xsaveopt dtherm ida arat pln pts
bugs		: cpu_meltdown spectre_v1 spectre_v2 spec_store_bypass l1tf mds
bogomips	: 4988.61
clflush size	: 64
cache_alignment	: 64
address sizes	: 36 bits physical, 48 bits virtual
power management:

processor	: 1
vendor_id	: GenuineIntel
cpu family	: 6
model		: 58
model name	: Intel(R) Core(TM) i5-3210M CPU @ 2.50GHz
stepping	: 9
microcode	: 0x13
cpu MHz		: 2840.931
cache size	: 3072 KB
physical id	: 0
siblings	: 4
core id		: 1
cpu cores	: 2
apicid		: 2
initial apicid	: 2
fpu		: yes
fpu_exception	: yes
cpuid level	: 13
wp		: yes
flags		: fpu vme de pse tsc msr pae mce cx8 apic sep mtrr pge mca cmov pat pse36 clflush dts acpi mmx fxsr sse sse2 ss ht tm pbe syscall nx rdtscp lm constant_tsc arch_perfmon pebs bts rep_good nopl xtopology nonstop_tsc cpuid aperfmperf pni pclmulqdq dtes64 monitor ds_cpl vmx est tm2 ssse3 cx16 xtpr pdcm pcid sse4_1 sse4_2 x2apic popcnt tsc_deadline_timer aes xsave avx f16c rdrand lahf_lm cpuid_fault epb pti tpr_shadow vnmi flexpriority ept vpid fsgsbase smep erms xsaveopt dtherm ida arat pln pts
bugs		: cpu_meltdown spectre_v1 spectre_v2 spec_store_bypass l1tf mds
bogomips	: 4988.61
clflush size	: 64
cache_alignment	: 64
address sizes	: 36 bits physical, 48 bits virtual
power management:

processor	: 2
vendor_id	: GenuineIntel
cpu family	: 6
model		: 58
model name	: Intel(R) Core(TM) i5-3210M CPU @ 2.50GHz
stepping	: 9
microcode	: 0x13
cpu MHz		: 2880.193
cache size	: 3072 KB
physical id	: 0
siblings	: 4
core id		: 0
cpu cores	: 2
apicid		: 1
initial apicid	: 1
fpu		: yes
fpu_exception	: yes
cpuid level	: 13
wp		: yes
flags		: fpu vme de pse tsc msr pae mce cx8 apic sep mtrr pge mca cmov pat pse36 clflush dts acpi mmx fxsr sse sse2 ss ht tm pbe syscall nx rdtscp lm constant_tsc arch_perfmon pebs bts rep_good nopl xtopology nonstop_tsc cpuid aperfmperf pni pclmulqdq dtes64 monitor ds_cpl vmx est tm2 ssse3 cx16 xtpr pdcm pcid sse4_1 sse4_2 x2apic popcnt tsc_deadline_timer aes xsave avx f16c rdrand lahf_lm cpuid_fault epb pti tpr_shadow vnmi flexpriority ept vpid fsgsbase smep erms xsaveopt dtherm ida arat pln pts
bugs		: cpu_meltdown spectre_v1 spectre_v2 spec_store_bypass l1tf mds
bogomips	: 4988.61
clflush size	: 64
cache_alignment	: 64
address sizes	: 36 bits physical, 48 bits virtual
power management:

processor	: 3
vendor_id	: GenuineIntel
cpu family	: 6
model		: 58
model name	: Intel(R) Core(TM) i5-3210M CPU @ 2.50GHz
stepping	: 9
microcode	: 0x13
cpu MHz		: 2786.790
cache size	: 3072 KB
physical id	: 0
siblings	: 4
core id		: 1
cpu cores	: 2
apicid		: 3
initial apicid	: 3
fpu		: yes
fpu_exception	: yes
cpuid level	: 13
wp		: yes
flags		: fpu vme de pse tsc msr pae mce cx8 apic sep mtrr pge mca cmov pat pse36 clflush dts acpi mmx fxsr sse sse2 ss ht tm pbe syscall nx rdtscp lm constant_tsc arch_perfmon pebs bts rep_good nopl xtopology nonstop_tsc cpuid aperfmperf pni pclmulqdq dtes64 monitor ds_cpl vmx est tm2 ssse3 cx16 xtpr pdcm pcid sse4_1 sse4_2 x2apic popcnt tsc_deadline_timer aes xsave avx f16c rdrand lahf_lm cpuid_fault epb pti tpr_shadow vnmi flexpriority ept vpid fsgsbase smep erms xsaveopt dtherm ida arat pln pts
bugs		: cpu_meltdown spectre_v1 spectre_v2 spec_store_bypass l1tf mds
bogomips	: 4988.61
clflush size	: 64
cache_alignment	: 64
address sizes	: 36 bits physical, 48 bits virtual
power management:



Memory: 4k page, physical 7608512k(616488k free), swap 2097148k(2096880k free)

vm_info: Java HotSpot(TM) 64-Bit Server VM (25.221-b11) for linux-amd64 JRE (1.8.0_221-b11), built on Jul  4 2019 04:27:00 by "java_re" with gcc 7.3.0

time: Sat Oct 19 15:06:05 2019
timezone: -03
elapsed time: 4 seconds (0d 0h 0m 4s)

